# JRE version: Java(TM) SE Runtime Environment (8.0_321-b07) (build 1.8.0_321-b07)
# Java VM: Java HotSpot(TM) 64-Bit Server VM (25.321-b07 mixed mode windows-amd64 compressed oops)
Heap:
 PSYoungGen      total 38400K, used 7889K [0x00000000d5580000, 0x00000000d8000000, 0x0000000100000000)
  eden space 33280K, 23% used [0x00000000d5580000,0x00000000d5d34550,0x00000000d7600000)
  from space 5120K, 0% used [0x00000000d7b00000,0x00000000d7b00000,0x00000000d8000000)
  to   space 5120K, 0% used [0x00000000d7600000,0x00000000d7600000,0x00000000d7b00000)
 ParOldGen       total 62976K, used 8122K [0x0000000080000000, 0x0000000083d80000, 0x00000000d5580000)
  object space 62976K, 12% used [0x0000000080000000,0x00000000807eeab0,0x0000000083d80000)
 Metaspace       used 24946K, capacity 26258K, committed 26368K, reserved 1075200K
  class space    used 3287K, capacity 3577K, committed 3584K, reserved 1048576K
GC Heap History (10 events):
Event: 5.447 GC heap before
{Heap before GC invocations=5 (full 1):
 PSYoungGen      total 38400K, used 33280K [0x00000000d5580000, 0x00000000d8000000, 0x0000000100000000)
  eden space 33280K, 100% used [0x00000000d5580000,0x00000000d7600000,0x00000000d7600000)
  from space 5120K, 0% used [0x00000000d7600000,0x00000000d7600000,0x00000000d7b00000)
  to   space 5120K, 0% used [0x00000000d7b00000,0x00000000d7b00000,0x00000000d8000000)
 ParOldGen       total 62976K, used 7756K [0x0000000080000000, 0x0000000083d80000, 0x00000000d5580000)
  object space 62976K, 12% used [0x0000000080000000,0x00000000807931d0,0x0000000083d80000)
 Metaspace       used 23397K, capacity 24410K, committed 24576K, reserved 1071104K
  class space    used 3022K, capacity 3259K, committed 3328K, reserved 1048576K
Event: 5.455 GC heap after
Heap after GC invocations=5 (full 1):
 PSYoungGen      total 38400K, used 5057K [0x00000000d5580000, 0x00000000d8000000, 0x0000000100000000)
  eden space 33280K, 0% used [0x00000000d5580000,0x00000000d5580000,0x00000000d7600000)
  from space 5120K, 98% used [0x00000000d7b00000,0x00000000d7ff0628,0x00000000d8000000)
  to   space 5120K, 0% used [0x00000000d7600000,0x00000000d7600000,0x00000000d7b00000)
 ParOldGen       total 62976K, used 7764K [0x0000000080000000, 0x0000000083d80000, 0x00000000d5580000)
  object space 62976K, 12% used [0x0000000080000000,0x00000000807951d0,0x0000000083d80000)
 Metaspace       used 23397K, capacity 24410K, committed 24576K, reserved 1071104K
  class space    used 3022K, capacity 3259K, committed 3328K, reserved 1048576K
}
Event: 5.488 GC heap before
{Heap before GC invocations=6 (full 1):
 PSYoungGen      total 38400K, used 5810K [0x00000000d5580000, 0x00000000d8000000, 0x0000000100000000)
  eden space 33280K, 2% used [0x00000000d5580000,0x00000000d563c260,0x00000000d7600000)
  from space 5120K, 98% used [0x00000000d7b00000,0x00000000d7ff0628,0x00000000d8000000)
  to   space 5120K, 0% used [0x00000000d7600000,0x00000000d7600000,0x00000000d7b00000)
 ParOldGen       total 62976K, used 7764K [0x0000000080000000, 0x0000000083d80000, 0x00000000d5580000)
  object space 62976K, 12% used [0x0000000080000000,0x00000000807951d0,0x0000000083d80000)
 Metaspace       used 23503K, capacity 24450K, committed 24576K, reserved 1075200K
  class space    used 3043K, capacity 3279K, committed 3328K, reserved 1048576K
Event: 5.492 GC heap after
Heap after GC invocations=6 (full 1):
 PSYoungGen      total 38400K, used 1888K [0x00000000d5580000, 0x00000000d8000000, 0x0000000100000000)
  eden space 33280K, 0% used [0x00000000d5580000,0x00000000d5580000,0x00000000d7600000)
  from space 5120K, 36% used [0x00000000d7600000,0x00000000d77d8020,0x00000000d7b00000)
  to   space 5120K, 0% used [0x00000000d7b00000,0x00000000d7b00000,0x00000000d8000000)
 ParOldGen       total 62976K, used 7764K [0x0000000080000000, 0x0000000083d80000, 0x00000000d5580000)
  object space 62976K, 12% used [0x0000000080000000,0x00000000807951d0,0x0000000083d80000)
 Metaspace       used 23503K, capacity 24450K, committed 24576K, reserved 1075200K
  class space    used 3043K, capacity 3279K, committed 3328K, reserved 1048576K
}
Event: 5.492 GC heap before
{Heap before GC invocations=7 (full 2):
 PSYoungGen      total 38400K, used 1888K [0x00000000d5580000, 0x00000000d8000000, 0x0000000100000000)
  eden space 33280K, 0% used [0x00000000d5580000,0x00000000d5580000,0x00000000d7600000)
  from space 5120K, 36% used [0x00000000d7600000,0x00000000d77d8020,0x00000000d7b00000)
  to   space 5120K, 0% used [0x00000000d7b00000,0x00000000d7b00000,0x00000000d8000000)
 ParOldGen       total 62976K, used 7764K [0x0000000080000000, 0x0000000083d80000, 0x00000000d5580000)
  object space 62976K, 12% used [0x0000000080000000,0x00000000807951d0,0x0000000083d80000)
 Metaspace       used 23503K, capacity 24450K, committed 24576K, reserved 1075200K
  class space    used 3043K, capacity 3279K, committed 3328K, reserved 1048576K
Event: 5.563 GC heap after
Heap after GC invocations=7 (full 2):
 PSYoungGen      total 38400K, used 0K [0x00000000d5580000, 0x00000000d8000000, 0x0000000100000000)
  eden space 33280K, 0% used [0x00000000d5580000,0x00000000d5580000,0x00000000d7600000)
  from space 5120K, 0% used [0x00000000d7600000,0x00000000d7600000,0x00000000d7b00000)
  to   space 5120K, 0% used [0x00000000d7b00000,0x00000000d7b00000,0x00000000d8000000)
 ParOldGen       total 62976K, used 8014K [0x0000000080000000, 0x0000000083d80000, 0x00000000d5580000)
  object space 62976K, 12% used [0x0000000080000000,0x00000000807d3928,0x0000000083d80000)
 Metaspace       used 23503K, capacity 24450K, committed 24576K, reserved 1073152K
  class space    used 3043K, capacity 3279K, committed 3328K, reserved 1048576K
}
Event: 5.590 GC heap before
{Heap before GC invocations=8 (full 2):
 PSYoungGen      total 38400K, used 1391K [0x00000000d5580000, 0x00000000d8000000, 0x0000000100000000)
  eden space 33280K, 4% used [0x00000000d5580000,0x00000000d56dbc68,0x00000000d7600000)
  from space 5120K, 0% used [0x00000000d7600000,0x00000000d7600000,0x00000000d7b00000)
  to   space 5120K, 0% used [0x00000000d7b00000,0x00000000d7b00000,0x00000000d8000000)
 ParOldGen       total 62976K, used 8014K [0x0000000080000000, 0x0000000083d80000, 0x00000000d5580000)
  object space 62976K, 12% used [0x0000000080000000,0x00000000807d3928,0x0000000083d80000)
 Metaspace       used 23707K, capacity 24828K, committed 24832K, reserved 1077248K
  class space    used 3081K, capacity 3324K, committed 3328K, reserved 1048576K
Event: 5.592 GC heap after
Heap after GC invocations=8 (full 2):
 PSYoungGen      total 38400K, used 251K [0x00000000d5580000, 0x00000000d8000000, 0x0000000100000000)
  eden space 33280K, 0% used [0x00000000d5580000,0x00000000d5580000,0x00000000d7600000)
  from space 5120K, 4% used [0x00000000d7b00000,0x00000000d7b3ec98,0x00000000d8000000)
  to   space 5120K, 0% used [0x00000000d7600000,0x00000000d7600000,0x00000000d7b00000)
 ParOldGen       total 62976K, used 8014K [0x0000000080000000, 0x0000000083d80000, 0x00000000d5580000)
  object space 62976K, 12% used [0x0000000080000000,0x00000000807d3928,0x0000000083d80000)
 Metaspace       used 23707K, capacity 24828K, committed 24832K, reserved 1077248K
  class space    used 3081K, capacity 3324K, committed 3328K, reserved 1048576K
}
Event: 5.592 GC heap before
{Heap before GC invocations=9 (full 3):
 PSYoungGen      total 38400K, used 251K [0x00000000d5580000, 0x00000000d8000000, 0x0000000100000000)
  eden space 33280K, 0% used [0x00000000d5580000,0x00000000d5580000,0x00000000d7600000)
  from space 5120K, 4% used [0x00000000d7b00000,0x00000000d7b3ec98,0x00000000d8000000)
  to   space 5120K, 0% used [0x00000000d7600000,0x00000000d7600000,0x00000000d7b00000)
 ParOldGen       total 62976K, used 8014K [0x0000000080000000, 0x0000000083d80000, 0x00000000d5580000)
  object space 62976K, 12% used [0x0000000080000000,0x00000000807d3928,0x0000000083d80000)
 Metaspace       used 23707K, capacity 24828K, committed 24832K, reserved 1077248K
  class space    used 3081K, capacity 3324K, committed 3328K, reserved 1048576K
Event: 5.666 GC heap after
Heap after GC invocations=9 (full 3):
 PSYoungGen      total 38400K, used 0K [0x00000000d5580000, 0x00000000d8000000, 0x0000000100000000)
  eden space 33280K, 0% used [0x00000000d5580000,0x00000000d5580000,0x00000000d7600000)
  from space 5120K, 0% used [0x00000000d7b00000,0x00000000d7b00000,0x00000000d8000000)
  to   space 5120K, 0% used [0x00000000d7600000,0x00000000d7600000,0x00000000d7b00000)
 ParOldGen       total 62976K, used 8122K [0x0000000080000000, 0x0000000083d80000, 0x00000000d5580000)
  object space 62976K, 12% used [0x0000000080000000,0x00000000807eeab0,0x0000000083d80000)
 Metaspace       used 23707K, capacity 24828K, committed 24832K, reserved 1075200K
  class space    used 3081K, capacity 3324K, committed 3328K, reserved 1048576K
}

