<?xml version="1.0" encoding="UTF-8"?>
<!-- Generated by org.testng.reporters.JUnitXMLReporter -->
<testsuite ignored="0" hostname="DESKTOP-1Q7B79B" failures="0" tests="6" name="Default test" time="358.607" errors="0" timestamp="2023-01-10T19:06:36 IST">
  <testcase classname="com.FaceFirst.web.runner.RunTestNGTest" name="feature" time="80.241"/>
  <testcase classname="com.FaceFirst.web.runner.RunTestNGTest" name="feature" time="76.675"/>
  <testcase classname="com.FaceFirst.web.runner.RunTestNGTest" name="feature" time="63.326"/>
  <testcase classname="com.FaceFirst.web.runner.RunTestNGTest" name="feature" time="85.723"/>
  <testcase classname="com.FaceFirst.web.runner.RunTestNGTest" name="feature" time="37.769"/>
  <testcase classname="com.FaceFirst.web.runner.RunTestNGTest" name="feature" time="11.716"/>
</testsuite> <!-- Default test -->
