<?xml version="1.0" encoding="UTF-8"?>
<!-- Generated by org.testng.reporters.JUnitXMLReporter -->
<testsuite ignored="0" hostname="DESKTOP-1Q7B79B" failures="0" tests="5" name="Default test" time="254.662" errors="0" timestamp="2023-01-12T14:40:38 IST">
  <testcase classname="com.FaceFirst.web.runner.RunTestNGTest" name="feature" time="69.088"/>
  <testcase classname="com.FaceFirst.web.runner.RunTestNGTest" name="feature" time="69.207"/>
  <testcase classname="com.FaceFirst.web.runner.RunTestNGTest" name="feature" time="47.578"/>
  <testcase classname="com.FaceFirst.web.runner.RunTestNGTest" name="feature" time="51.16"/>
  <testcase classname="com.FaceFirst.web.runner.RunTestNGTest" name="feature" time="14.115"/>
</testsuite> <!-- Default test -->
