{"uuid":"eec56d8b-f254-48a0-be5b-4ba2913b536c","historyId":"8bb2e4150fdf896753d9214bc7cfa2fd","fullName":"Test Face-First client login functionality: Verify Event Genration End 2 End flow","labels":[{"name":"tag","value":"EventGenrationEnd2EndFlow"},{"name":"host","value":"DESKTOP-A3FKGMU"},{"name":"thread","value":"15132@DESKTOP-A3FKGMU.main(1)"},{"name":"feature","value":"Test Face-First client login functionality"},{"name":"story","value":"Verify Event Genration End 2 End flow"},{"name":"suite","value":"Test Face-First client login functionality"},{"name":"testClass","value":"Verify Event Genration End 2 End flow"},{"name":"framework","value":"cucumber4jvm"},{"name":"language","value":"java"},{"name":"gherkin_uri","value":"file:///D:/FaceFirst-Automation-Framework/src/test/java/features/EventGenrationEnd2EndFlow.feature"},{"name":"package","value":"src.test.java.features.EventGenrationEnd2EndFlow_feature.Test Face-First client login functionality"}],"links":[],"name":"Verify Event Genration End 2 End flow","status":"broken","statusDetails":{"known":false,"muted":false,"flaky":false,"message":"invalid selector: Unable to locate an element with the xpath expression //div[text()='No matches found, enrolling...'])[2] because of the following error:\nSyntaxError: Failed to execute 'evaluate' on 'Document': The string '//div[text()='No matches found, enrolling...'])[2]' is not a valid XPath expression.\n  (Session info: chrome=108.0.5359.126)\nFor documentation on this error, please visit: https://www.seleniumhq.org/exceptions/invalid_selector_exception.html\nBuild info: version: '3.141.59', revision: 'e82be7d358', time: '2018-11-14T08:17:03'\nSystem info: host: 'DESKTOP-A3FKGMU', ip: '192.168.1.92', os.name: 'Windows 10', os.arch: 'amd64', os.version: '10.0', java.version: '17.0.2'\nDriver info: org.openqa.selenium.chrome.ChromeDriver\nCapabilities {acceptInsecureCerts: false, browserName: chrome, browserVersion: 108.0.5359.126, chrome: {chromedriverVersion: 108.0.5359.71 (1e0e3868ee06..., userDataDir: C:\\Users\\baps\\AppData\\Local...}, goog:chromeOptions: {debuggerAddress: localhost:53889}, javascriptEnabled: true, networkConnectionEnabled: false, pageLoadStrategy: normal, platform: WINDOWS, platformName: WINDOWS, proxy: Proxy(), setWindowRect: true, strictFileInteractability: false, timeouts: {implicit: 0, pageLoad: 300000, script: 30000}, unhandledPromptBehavior: dismiss and notify, webauthn:extension:credBlob: true, webauthn:extension:largeBlob: true, webauthn:virtualAuthenticators: true}\nSession ID: 59f4a872583b4ff53ebddb7d3b193fa1\n*** Element info: {Using=xpath, value=//div[text()='No matches found, enrolling...'])[2]}","trace":"org.openqa.selenium.InvalidSelectorException: invalid selector: Unable to locate an element with the xpath expression //div[text()='No matches found, enrolling...'])[2] because of the following error:\nSyntaxError: Failed to execute 'evaluate' on 'Document': The string '//div[text()='No matches found, enrolling...'])[2]' is not a valid XPath expression.\n  (Session info: chrome=108.0.5359.126)\nFor documentation on this error, please visit: https://www.seleniumhq.org/exceptions/invalid_selector_exception.html\nBuild info: version: '3.141.59', revision: 'e82be7d358', time: '2018-11-14T08:17:03'\nSystem info: host: 'DESKTOP-A3FKGMU', ip: '192.168.1.92', os.name: 'Windows 10', os.arch: 'amd64', os.version: '10.0', java.version: '17.0.2'\nDriver info: org.openqa.selenium.chrome.ChromeDriver\nCapabilities {acceptInsecureCerts: false, browserName: chrome, browserVersion: 108.0.5359.126, chrome: {chromedriverVersion: 108.0.5359.71 (1e0e3868ee06..., userDataDir: C:\\Users\\baps\\AppData\\Local...}, goog:chromeOptions: {debuggerAddress: localhost:53889}, javascriptEnabled: true, networkConnectionEnabled: false, pageLoadStrategy: normal, platform: WINDOWS, platformName: WINDOWS, proxy: Proxy(), setWindowRect: true, strictFileInteractability: false, timeouts: {implicit: 0, pageLoad: 300000, script: 30000}, unhandledPromptBehavior: dismiss and notify, webauthn:extension:credBlob: true, webauthn:extension:largeBlob: true, webauthn:virtualAuthenticators: true}\nSession ID: 59f4a872583b4ff53ebddb7d3b193fa1\n*** Element info: {Using=xpath, value=//div[text()='No matches found, enrolling...'])[2]}\r\n\tat java.base/jdk.internal.reflect.NativeConstructorAccessorImpl.newInstance0(Native Method)\r\n\tat java.base/jdk.internal.reflect.NativeConstructorAccessorImpl.newInstance(NativeConstructorAccessorImpl.java:77)\r\n\tat java.base/jdk.internal.reflect.DelegatingConstructorAccessorImpl.newInstance(DelegatingConstructorAccessorImpl.java:45)\r\n\tat java.base/java.lang.reflect.Constructor.newInstanceWithCaller(Constructor.java:499)\r\n\tat java.base/java.lang.reflect.Constructor.newInstance(Constructor.java:480)\r\n\tat org.openqa.selenium.remote.http.W3CHttpResponseCodec.createException(W3CHttpResponseCodec.java:187)\r\n\tat org.openqa.selenium.remote.http.W3CHttpResponseCodec.decode(W3CHttpResponseCodec.java:122)\r\n\tat org.openqa.selenium.remote.http.W3CHttpResponseCodec.decode(W3CHttpResponseCodec.java:49)\r\n\tat org.openqa.selenium.remote.HttpCommandExecutor.execute(HttpCommandExecutor.java:158)\r\n\tat org.openqa.selenium.remote.service.DriverCommandExecutor.execute(DriverCommandExecutor.java:83)\r\n\tat org.openqa.selenium.remote.RemoteWebDriver.execute(RemoteWebDriver.java:552)\r\n\tat org.openqa.selenium.remote.RemoteWebDriver.findElement(RemoteWebDriver.java:323)\r\n\tat org.openqa.selenium.remote.RemoteWebDriver.findElementByXPath(RemoteWebDriver.java:428)\r\n\tat org.openqa.selenium.By$ByXPath.findElement(By.java:353)\r\n\tat org.openqa.selenium.remote.RemoteWebDriver.findElement(RemoteWebDriver.java:315)\r\n\tat org.openqa.selenium.support.pagefactory.DefaultElementLocator.findElement(DefaultElementLocator.java:69)\r\n\tat org.openqa.selenium.support.pagefactory.internal.LocatingElementHandler.invoke(LocatingElementHandler.java:38)\r\n\tat jdk.proxy2/jdk.proxy2.$Proxy41.isDisplayed(Unknown Source)\r\n\tat com.FaceFirst.web.actions.EventGenerationEnd2EndFlowActions.addCriminalDetails(EventGenerationEnd2EndFlowActions.java:58)\r\n\tat com.FaceFirst.web.stepDefinitions.Steps.visitor_photo_is_no_matches_found_then_add_details_tab_is_opened(Steps.java:374)\r\n\tat ✽.visitor photo is no matches found then Add Details tab is opened(file:///D:/FaceFirst-Automation-Framework/src/test/java/features/EventGenrationEnd2EndFlow.feature:18)\r\n"},"stage":"finished","steps":[{"name":"Given  user navigate to the FaceFirst Website","status":"passed","statusDetails":{"known":false,"muted":false,"flaky":false},"stage":"finished","steps":[],"attachments":[],"parameters":[],"start":1673439384135,"stop":1673439386818},{"name":"When  user logged in successfully and closed the pop-up","status":"passed","statusDetails":{"known":false,"muted":false,"flaky":false},"stage":"finished","steps":[],"attachments":[],"parameters":[],"start":1673439387401,"stop":1673439420992},{"name":"And  click on Portal URL","status":"passed","statusDetails":{"known":false,"muted":false,"flaky":false},"stage":"finished","steps":[],"attachments":[],"parameters":[],"start":1673439421362,"stop":1673439433812},{"name":"And  user login in clint login page","status":"passed","statusDetails":{"known":false,"muted":false,"flaky":false},"stage":"finished","steps":[],"attachments":[],"parameters":[],"start":1673439434034,"stop":1673439445397},{"name":"Then  verify user successful login","status":"passed","statusDetails":{"known":false,"muted":false,"flaky":false},"stage":"finished","steps":[],"attachments":[],"parameters":[],"start":1673439445642,"stop":1673439445806},{"name":"When  user click on visitors menu iteam","status":"passed","statusDetails":{"known":false,"muted":false,"flaky":false},"stage":"finished","steps":[],"attachments":[],"parameters":[],"start":1673439446029,"stop":1673439446500},{"name":"Then  visitor tab is opened","status":"passed","statusDetails":{"known":false,"muted":false,"flaky":false},"stage":"finished","steps":[],"attachments":[],"parameters":[],"start":1673439446943,"stop":1673439447190},{"name":"When  user click on criminal visitor photo","status":"passed","statusDetails":{"known":false,"muted":false,"flaky":false},"stage":"finished","steps":[],"attachments":[],"parameters":[],"start":1673439447417,"stop":1673439447566},{"name":"Then  visitor photo view tab is opened","status":"passed","statusDetails":{"known":false,"muted":false,"flaky":false},"stage":"finished","steps":[],"attachments":[],"parameters":[],"start":1673439447781,"stop":1673439477926},{"name":"When  user click on Identify within Enrollments","status":"passed","statusDetails":{"known":false,"muted":false,"flaky":false},"stage":"finished","steps":[],"attachments":[],"parameters":[],"start":1673439478135,"stop":1673439560436},{"name":"Then  Identify and Enroll tab is opened","status":"passed","statusDetails":{"known":false,"muted":false,"flaky":false},"stage":"finished","steps":[],"attachments":[],"parameters":[],"start":1673439560650,"stop":1673439600876},{"name":"When  visitor photo is no matches found then Add Details tab is opened","status":"broken","statusDetails":{"known":false,"muted":false,"flaky":false,"message":"invalid selector: Unable to locate an element with the xpath expression //div[text()='No matches found, enrolling...'])[2] because of the following error:\nSyntaxError: Failed to execute 'evaluate' on 'Document': The string '//div[text()='No matches found, enrolling...'])[2]' is not a valid XPath expression.\n  (Session info: chrome=108.0.5359.126)\nFor documentation on this error, please visit: https://www.seleniumhq.org/exceptions/invalid_selector_exception.html\nBuild info: version: '3.141.59', revision: 'e82be7d358', time: '2018-11-14T08:17:03'\nSystem info: host: 'DESKTOP-A3FKGMU', ip: '192.168.1.92', os.name: 'Windows 10', os.arch: 'amd64', os.version: '10.0', java.version: '17.0.2'\nDriver info: org.openqa.selenium.chrome.ChromeDriver\nCapabilities {acceptInsecureCerts: false, browserName: chrome, browserVersion: 108.0.5359.126, chrome: {chromedriverVersion: 108.0.5359.71 (1e0e3868ee06..., userDataDir: C:\\Users\\baps\\AppData\\Local...}, goog:chromeOptions: {debuggerAddress: localhost:53889}, javascriptEnabled: true, networkConnectionEnabled: false, pageLoadStrategy: normal, platform: WINDOWS, platformName: WINDOWS, proxy: Proxy(), setWindowRect: true, strictFileInteractability: false, timeouts: {implicit: 0, pageLoad: 300000, script: 30000}, unhandledPromptBehavior: dismiss and notify, webauthn:extension:credBlob: true, webauthn:extension:largeBlob: true, webauthn:virtualAuthenticators: true}\nSession ID: 59f4a872583b4ff53ebddb7d3b193fa1\n*** Element info: {Using=xpath, value=//div[text()='No matches found, enrolling...'])[2]}","trace":"org.openqa.selenium.InvalidSelectorException: invalid selector: Unable to locate an element with the xpath expression //div[text()='No matches found, enrolling...'])[2] because of the following error:\nSyntaxError: Failed to execute 'evaluate' on 'Document': The string '//div[text()='No matches found, enrolling...'])[2]' is not a valid XPath expression.\n  (Session info: chrome=108.0.5359.126)\nFor documentation on this error, please visit: https://www.seleniumhq.org/exceptions/invalid_selector_exception.html\nBuild info: version: '3.141.59', revision: 'e82be7d358', time: '2018-11-14T08:17:03'\nSystem info: host: 'DESKTOP-A3FKGMU', ip: '192.168.1.92', os.name: 'Windows 10', os.arch: 'amd64', os.version: '10.0', java.version: '17.0.2'\nDriver info: org.openqa.selenium.chrome.ChromeDriver\nCapabilities {acceptInsecureCerts: false, browserName: chrome, browserVersion: 108.0.5359.126, chrome: {chromedriverVersion: 108.0.5359.71 (1e0e3868ee06..., userDataDir: C:\\Users\\baps\\AppData\\Local...}, goog:chromeOptions: {debuggerAddress: localhost:53889}, javascriptEnabled: true, networkConnectionEnabled: false, pageLoadStrategy: normal, platform: WINDOWS, platformName: WINDOWS, proxy: Proxy(), setWindowRect: true, strictFileInteractability: false, timeouts: {implicit: 0, pageLoad: 300000, script: 30000}, unhandledPromptBehavior: dismiss and notify, webauthn:extension:credBlob: true, webauthn:extension:largeBlob: true, webauthn:virtualAuthenticators: true}\nSession ID: 59f4a872583b4ff53ebddb7d3b193fa1\n*** Element info: {Using=xpath, value=//div[text()='No matches found, enrolling...'])[2]}\r\n\tat java.base/jdk.internal.reflect.NativeConstructorAccessorImpl.newInstance0(Native Method)\r\n\tat java.base/jdk.internal.reflect.NativeConstructorAccessorImpl.newInstance(NativeConstructorAccessorImpl.java:77)\r\n\tat java.base/jdk.internal.reflect.DelegatingConstructorAccessorImpl.newInstance(DelegatingConstructorAccessorImpl.java:45)\r\n\tat java.base/java.lang.reflect.Constructor.newInstanceWithCaller(Constructor.java:499)\r\n\tat java.base/java.lang.reflect.Constructor.newInstance(Constructor.java:480)\r\n\tat org.openqa.selenium.remote.http.W3CHttpResponseCodec.createException(W3CHttpResponseCodec.java:187)\r\n\tat org.openqa.selenium.remote.http.W3CHttpResponseCodec.decode(W3CHttpResponseCodec.java:122)\r\n\tat org.openqa.selenium.remote.http.W3CHttpResponseCodec.decode(W3CHttpResponseCodec.java:49)\r\n\tat org.openqa.selenium.remote.HttpCommandExecutor.execute(HttpCommandExecutor.java:158)\r\n\tat org.openqa.selenium.remote.service.DriverCommandExecutor.execute(DriverCommandExecutor.java:83)\r\n\tat org.openqa.selenium.remote.RemoteWebDriver.execute(RemoteWebDriver.java:552)\r\n\tat org.openqa.selenium.remote.RemoteWebDriver.findElement(RemoteWebDriver.java:323)\r\n\tat org.openqa.selenium.remote.RemoteWebDriver.findElementByXPath(RemoteWebDriver.java:428)\r\n\tat org.openqa.selenium.By$ByXPath.findElement(By.java:353)\r\n\tat org.openqa.selenium.remote.RemoteWebDriver.findElement(RemoteWebDriver.java:315)\r\n\tat org.openqa.selenium.support.pagefactory.DefaultElementLocator.findElement(DefaultElementLocator.java:69)\r\n\tat org.openqa.selenium.support.pagefactory.internal.LocatingElementHandler.invoke(LocatingElementHandler.java:38)\r\n\tat jdk.proxy2/jdk.proxy2.$Proxy41.isDisplayed(Unknown Source)\r\n\tat com.FaceFirst.web.actions.EventGenerationEnd2EndFlowActions.addCriminalDetails(EventGenerationEnd2EndFlowActions.java:58)\r\n\tat com.FaceFirst.web.stepDefinitions.Steps.visitor_photo_is_no_matches_found_then_add_details_tab_is_opened(Steps.java:374)\r\n\tat ✽.visitor photo is no matches found then Add Details tab is opened(file:///D:/FaceFirst-Automation-Framework/src/test/java/features/EventGenrationEnd2EndFlow.feature:18)\r\n"},"stage":"finished","steps":[],"attachments":[],"parameters":[],"start":1673439601098,"stop":1673439601140},{"name":"And  user enter all required and optional fields and save the deatils","status":"skipped","statusDetails":{"known":false,"muted":false,"flaky":false},"stage":"finished","steps":[],"attachments":[],"parameters":[],"start":1673439601393,"stop":1673439601393},{"name":"Then  Enrollment success meassage is displyed","status":"skipped","statusDetails":{"known":false,"muted":false,"flaky":false},"stage":"finished","steps":[],"attachments":[],"parameters":[],"start":1673439601395,"stop":1673439601396},{"name":"When  user navigate to events menu iteam","status":"skipped","statusDetails":{"known":false,"muted":false,"flaky":false},"stage":"finished","steps":[],"attachments":[],"parameters":[],"start":1673439601397,"stop":1673439601397},{"name":"Then  Event tab is opened","status":"skipped","statusDetails":{"known":false,"muted":false,"flaky":false},"stage":"finished","steps":[],"attachments":[],"parameters":[],"start":1673439601398,"stop":1673439601399},{"name":"When  same criminal is visiting again","status":"skipped","statusDetails":{"known":false,"muted":false,"flaky":false},"stage":"finished","steps":[],"attachments":[],"parameters":[],"start":1673439601400,"stop":1673439601401},{"name":"Then  Event should be genrated","status":"skipped","statusDetails":{"known":false,"muted":false,"flaky":false},"stage":"finished","steps":[],"attachments":[],"parameters":[],"start":1673439601402,"stop":1673439601403}],"attachments":[],"parameters":[],"start":1673439374770,"stop":1673439601507}