<?xml version="1.0" encoding="UTF-8"?>
<testng-results ignored="0" total="5" passed="5" failed="0" skipped="0">
  <reporter-output>
  </reporter-output>
  <suite started-at="2023-01-12T14:36:23 IST" name="Default suite" finished-at="2023-01-12T14:40:38 IST" duration-ms="254662">
    <groups>
      <group name="cucumber">
        <method signature="RunTestNGTest.feature(io.cucumber.testng.PickleWrapper,io.cucumber.testng.FeatureWrapper)[pri:0, instance:com.FaceFirst.web.runner.RunTestNGTest@290222c1]" name="feature" class="com.FaceFirst.web.runner.RunTestNGTest"/>
      </group> <!-- cucumber -->
    </groups>
    <test started-at="2023-01-12T14:36:23 IST" name="Default test" finished-at="2023-01-12T14:40:38 IST" duration-ms="254662">
      <class name="com.FaceFirst.web.runner.RunTestNGTest">
        <test-method is-config="true" signature="setUpClass()[pri:0, instance:com.FaceFirst.web.runner.RunTestNGTest@290222c1]" started-at="2023-01-12T14:36:23 IST" name="setUpClass" finished-at="2023-01-12T14:36:25 IST" duration-ms="1895" status="PASS">
          <reporter-output>
          </reporter-output>
        </test-method> <!-- setUpClass -->
        <test-method signature="feature(io.cucumber.testng.PickleWrapper,io.cucumber.testng.FeatureWrapper)[pri:0, instance:com.FaceFirst.web.runner.RunTestNGTest@290222c1]" started-at="2023-01-12T14:36:25 IST" name="feature" description="Runs Cucumber Scenarios" data-provider="features" finished-at="2023-01-12T14:37:34 IST" duration-ms="69088" status="PASS">
          <params>
            <param index="0">
              <value>
                <![CDATA["Client Login with right username and password"]]>
              </value>
            </param>
            <param index="1">
              <value>
                <![CDATA["Optional[Test Face-First client login functionality]"]]>
              </value>
            </param>
          </params>
          <reporter-output>
          </reporter-output>
        </test-method> <!-- feature -->
        <test-method signature="feature(io.cucumber.testng.PickleWrapper,io.cucumber.testng.FeatureWrapper)[pri:0, instance:com.FaceFirst.web.runner.RunTestNGTest@290222c1]" started-at="2023-01-12T14:37:34 IST" name="feature" description="Runs Cucumber Scenarios" data-provider="features" finished-at="2023-01-12T14:38:43 IST" duration-ms="69207" status="PASS">
          <params>
            <param index="0">
              <value>
                <![CDATA["Client Login with wrong username and password"]]>
              </value>
            </param>
            <param index="1">
              <value>
                <![CDATA["Optional[Test Face-First client login functionality]"]]>
              </value>
            </param>
          </params>
          <reporter-output>
          </reporter-output>
        </test-method> <!-- feature -->
        <test-method signature="feature(io.cucumber.testng.PickleWrapper,io.cucumber.testng.FeatureWrapper)[pri:0, instance:com.FaceFirst.web.runner.RunTestNGTest@290222c1]" started-at="2023-01-12T14:38:44 IST" name="feature" description="Runs Cucumber Scenarios" data-provider="features" finished-at="2023-01-12T14:39:31 IST" duration-ms="47578" status="PASS">
          <params>
            <param index="0">
              <value>
                <![CDATA["Login with right username and password"]]>
              </value>
            </param>
            <param index="1">
              <value>
                <![CDATA["Optional[Test license key is displayed or not]"]]>
              </value>
            </param>
          </params>
          <reporter-output>
          </reporter-output>
        </test-method> <!-- feature -->
        <test-method signature="feature(io.cucumber.testng.PickleWrapper,io.cucumber.testng.FeatureWrapper)[pri:0, instance:com.FaceFirst.web.runner.RunTestNGTest@290222c1]" started-at="2023-01-12T14:39:31 IST" name="feature" description="Runs Cucumber Scenarios" data-provider="features" finished-at="2023-01-12T14:40:22 IST" duration-ms="51160" status="PASS">
          <params>
            <param index="0">
              <value>
                <![CDATA["Login with right username and password"]]>
              </value>
            </param>
            <param index="1">
              <value>
                <![CDATA["Optional[Test Face-First login functionality]"]]>
              </value>
            </param>
          </params>
          <reporter-output>
          </reporter-output>
        </test-method> <!-- feature -->
        <test-method signature="feature(io.cucumber.testng.PickleWrapper,io.cucumber.testng.FeatureWrapper)[pri:0, instance:com.FaceFirst.web.runner.RunTestNGTest@290222c1]" started-at="2023-01-12T14:40:22 IST" name="feature" description="Runs Cucumber Scenarios" data-provider="features" finished-at="2023-01-12T14:40:37 IST" duration-ms="14115" status="PASS">
          <params>
            <param index="0">
              <value>
                <![CDATA["Login with invalid username and password"]]>
              </value>
            </param>
            <param index="1">
              <value>
                <![CDATA["Optional[Test Face-First login functionality]"]]>
              </value>
            </param>
          </params>
          <reporter-output>
          </reporter-output>
        </test-method> <!-- feature -->
        <test-method is-config="true" signature="tearDownClass()[pri:0, instance:com.FaceFirst.web.runner.RunTestNGTest@290222c1]" started-at="2023-01-12T14:40:37 IST" name="tearDownClass" finished-at="2023-01-12T14:40:38 IST" duration-ms="949" status="PASS">
          <reporter-output>
          </reporter-output>
        </test-method> <!-- tearDownClass -->
      </class> <!-- com.FaceFirst.web.runner.RunTestNGTest -->
    </test> <!-- Default test -->
  </suite> <!-- Default suite -->
</testng-results>
