<?xml version="1.0" encoding="UTF-8"?>
<testng-results ignored="0" total="1" passed="1" failed="0" skipped="0">
  <reporter-output>
  </reporter-output>
  <suite started-at="2023-01-09T17:50:05 IST" name="Default suite" finished-at="2023-01-09T17:51:39 IST" duration-ms="93670">
    <groups>
      <group name="cucumber">
        <method signature="RunTestNGTest.feature(io.cucumber.testng.PickleWrapper,io.cucumber.testng.FeatureWrapper)[pri:0, instance:com.FaceFirst.web.runner.RunTestNGTest@1e1a0406]" name="feature" class="com.FaceFirst.web.runner.RunTestNGTest"/>
      </group> <!-- cucumber -->
    </groups>
    <test started-at="2023-01-09T17:50:05 IST" name="Default test" finished-at="2023-01-09T17:51:39 IST" duration-ms="93670">
      <class name="com.FaceFirst.web.runner.RunTestNGTest">
        <test-method is-config="true" signature="setUpClass()[pri:0, instance:com.FaceFirst.web.runner.RunTestNGTest@1e1a0406]" started-at="2023-01-09T17:50:05 IST" name="setUpClass" finished-at="2023-01-09T17:50:07 IST" duration-ms="1782" status="PASS">
          <reporter-output>
          </reporter-output>
        </test-method> <!-- setUpClass -->
        <test-method signature="feature(io.cucumber.testng.PickleWrapper,io.cucumber.testng.FeatureWrapper)[pri:0, instance:com.FaceFirst.web.runner.RunTestNGTest@1e1a0406]" started-at="2023-01-09T17:50:07 IST" name="feature" description="Runs Cucumber Scenarios" data-provider="features" finished-at="2023-01-09T17:51:39 IST" duration-ms="91796" status="PASS">
          <params>
            <param index="0">
              <value>
                <![CDATA["Login with right username and password"]]>
              </value>
            </param>
            <param index="1">
              <value>
                <![CDATA["Optional[Test license key is displayed or not]"]]>
              </value>
            </param>
          </params>
          <reporter-output>
          </reporter-output>
        </test-method> <!-- feature -->
        <test-method is-config="true" signature="tearDownClass()[pri:0, instance:com.FaceFirst.web.runner.RunTestNGTest@1e1a0406]" started-at="2023-01-09T17:51:39 IST" name="tearDownClass" finished-at="2023-01-09T17:51:39 IST" duration-ms="0" status="PASS">
          <reporter-output>
          </reporter-output>
        </test-method> <!-- tearDownClass -->
      </class> <!-- com.FaceFirst.web.runner.RunTestNGTest -->
    </test> <!-- Default test -->
  </suite> <!-- Default suite -->
</testng-results>
