2022-Oct-13 09:29:48 AM [main] INFO  com.driver.DriverFactory - Instantiate ChromeDriver
2022-Oct-13 09:29:52 AM [main] INFO  com.web.actions.WebActions - Navigate to 'https://uks-sitecore-freight-dev-r-317880-cd.azurewebsites.net/
2022-Oct-13 09:30:23 AM [main] INFO  com.web.actions.WebActions - Wait For Element To Be Clickable: --> link text: Book Now]
2022-Oct-13 09:30:35 AM [main] INFO  com.web.actions.WebActions - Click on :
2022-Oct-13 09:30:46 AM [main] INFO  com.web.actions.WebActions - Clear Text From : --> id: LoginEmail]
2022-Oct-13 09:30:46 AM [main] INFO  com.web.actions.WebActions - Write Text 'fcduser03' on --> id: LoginEmail]
2022-Oct-13 09:30:46 AM [main] INFO  com.web.actions.WebActions - Clear Text From : --> id: LoginPass]
2022-Oct-13 09:30:47 AM [main] INFO  com.web.actions.WebActions - Write Text 'Password01' on --> id: LoginPass]
2022-Oct-13 09:30:47 AM [main] INFO  com.web.actions.WebActions - Click on :--> id: LoginUserBtn]
2022-Oct-13 09:30:57 AM [main] INFO  com.web.actions.WebActions - Get All Object Size : 0 of By.xpath: //a[@class='closeAds']
2022-Oct-13 09:31:07 AM [main] INFO  com.web.actions.WebActions - Get All Object Size : 0 of By.xpath: //a[@class='closeAds']
2022-Oct-13 09:31:17 AM [main] INFO  com.web.actions.WebActions - Get All Object Size : 0 of By.xpath: //a[@class='closeAds']
2022-Oct-13 09:31:27 AM [main] INFO  com.web.actions.WebActions - Get All Object Size : 0 of By.xpath: //a[@class='closeAds']
2022-Oct-13 09:31:37 AM [main] INFO  com.web.actions.WebActions - Get All Object Size : 0 of By.xpath: //a[@class='closeAds']
2022-Oct-13 09:31:47 AM [main] INFO  com.web.actions.WebActions - Get All Object Size : 0 of By.xpath: //a[@class='closeAds']
2022-Oct-13 09:31:57 AM [main] INFO  com.web.actions.WebActions - Get All Object Size : 0 of By.xpath: //a[@class='closeAds']
2022-Oct-13 09:32:07 AM [main] INFO  com.web.actions.WebActions - Get All Object Size : 0 of By.xpath: //a[@class='closeAds']
2022-Oct-13 09:32:18 AM [main] INFO  com.web.actions.WebActions - Get All Object Size : 0 of By.xpath: //a[@class='closeAds']
2022-Oct-13 09:32:29 AM [main] INFO  com.web.actions.WebActions - Get All Object Size : 0 of By.xpath: //a[@class='closeAds']
2022-Oct-13 09:32:39 AM [main] INFO  com.web.actions.WebActions - Wait For Element To Be Clickable: --> xpath: //section//a[contains(@href,'CreateBookings')]]
2022-Oct-13 09:32:52 AM [main] INFO  com.web.actions.WebActions - Click on :
2022-Oct-13 09:33:33 AM [main] INFO  com.web.actions.WebActions - Exception: clickElement '
2022-Oct-13 09:33:33 AM [main] INFO  com.web.actions.WebActions - Exception Log: org.openqa.selenium.NoSuchElementException: no such element: Unable to locate element: {"method":"xpath","selector":"//nav//a[contains(@href,'CreateBookings')]"}
  (Session info: chrome=106.0.5249.103)
For documentation on this error, please visit: https://www.seleniumhq.org/exceptions/no_such_element.html
Build info: version: '3.141.59', revision: 'e82be7d358', time: '2018-11-14T08:17:03'
System info: host: 'POFWVDDEV-24', ip: '10.181.60.57', os.name: 'Windows 10', os.arch: 'amd64', os.version: '10.0', java.version: '1.8.0_321'
Driver info: org.openqa.selenium.chrome.ChromeDriver
Capabilities {acceptInsecureCerts: false, browserName: chrome, browserVersion: 106.0.5249.103, chrome: {chromedriverVersion: 106.0.5249.61 (511755355844..., userDataDir: C:\Users\KHAIRN~1\AppData\L...}, goog:chromeOptions: {debuggerAddress: localhost:54257}, javascriptEnabled: true, networkConnectionEnabled: false, pageLoadStrategy: normal, platform: WINDOWS, platformName: WINDOWS, proxy: Proxy(), setWindowRect: true, strictFileInteractability: false, timeouts: {implicit: 0, pageLoad: 300000, script: 30000}, unhandledPromptBehavior: dismiss and notify, webauthn:extension:credBlob: true, webauthn:extension:largeBlob: true, webauthn:virtualAuthenticators: true}
Session ID: 62a27ef5a4edb1acb0896b4448ac1342
*** Element info: {Using=xpath, value=//nav//a[contains(@href,'CreateBookings')]}
2022-Oct-13 09:33:49 AM [main] INFO  com.web.actions.WebActions - Click on :--> id: generateFormButton]
2022-Oct-13 09:33:49 AM [main] INFO  com.web.actions.WebActions - Click on :--> id: SubmitBooking]
2022-Oct-13 09:33:53 AM [main] INFO  com.web.actions.WebActions - Object Text : Please select a valid route., --> xpath: //em[@class='error invalid-feedback'][not(@style="display: none;")]], [[ChromeDriver: chrome on WINDOWS (62a27ef5a4edb1acb0896b4448ac1342)] -
2022-Oct-13 09:33:53 AM [main] INFO  com.web.actions.WebActions - Object Text : Please select a sailing date., --> xpath: //em[@class='error invalid-feedback'][not(@style="display: none;")]], [[ChromeDriver: chrome on WINDOWS (62a27ef5a4edb1acb0896b4448ac1342)] -
2022-Oct-13 09:33:54 AM [main] INFO  com.web.actions.WebActions - Object Text : Please select the available schedule., --> xpath: //em[@class='error invalid-feedback'][not(@style="display: none;")]], [[ChromeDriver: chrome on WINDOWS (62a27ef5a4edb1acb0896b4448ac1342)] -
2022-Oct-13 09:33:54 AM [main] INFO  com.web.actions.WebActions - Object Text : Please select the unit type., --> xpath: //em[@class='error invalid-feedback'][not(@style="display: none;")]], [[ChromeDriver: chrome on WINDOWS (62a27ef5a4edb1acb0896b4448ac1342)] -
2022-Oct-13 09:33:54 AM [main] INFO  com.web.actions.WebActions - Object Text : Please enter Unit ID, --> xpath: //em[@class='error invalid-feedback'][not(@style="display: none;")]], [[ChromeDriver: chrome on WINDOWS (62a27ef5a4edb1acb0896b4448ac1342)] -
2022-Oct-13 09:33:54 AM [main] INFO  com.web.actions.WebActions - Object Text : Please enter a Job reference, --> xpath: //em[@class='error invalid-feedback'][not(@style="display: none;")]], [[ChromeDriver: chrome on WINDOWS (62a27ef5a4edb1acb0896b4448ac1342)] -
2022-Oct-13 09:33:54 AM [main] INFO  com.web.actions.WebActions - Object Text : Please enter Load Description, --> xpath: //em[@class='error invalid-feedback'][not(@style="display: none;")]], [[ChromeDriver: chrome on WINDOWS (62a27ef5a4edb1acb0896b4448ac1342)] -
2022-Oct-13 09:33:54 AM [main] INFO  com.web.actions.WebActions - Object Text : Please enter the Unit Length, --> xpath: //em[@class='error invalid-feedback'][not(@style="display: none;")]], [[ChromeDriver: chrome on WINDOWS (62a27ef5a4edb1acb0896b4448ac1342)] -
2022-Oct-13 09:33:54 AM [main] INFO  com.web.actions.WebActions - Object Text : Please specify the Load Weight, --> xpath: //em[@class='error invalid-feedback'][not(@style="display: none;")]], [[ChromeDriver: chrome on WINDOWS (62a27ef5a4edb1acb0896b4448ac1342)] -
2022-Oct-13 09:33:54 AM [main] INFO  com.web.actions.WebActions - Object Text : , --> xpath: //em[@class='error invalid-feedback'][not(@style="display: none;")]], [[ChromeDriver: chrome on WINDOWS (62a27ef5a4edb1acb0896b4448ac1342)] -
2022-Oct-13 09:33:54 AM [main] INFO  com.web.actions.WebActions - Object Text : , --> xpath: //em[@class='error invalid-feedback'][not(@style="display: none;")]], [[ChromeDriver: chrome on WINDOWS (62a27ef5a4edb1acb0896b4448ac1342)] -
2022-Oct-13 09:33:54 AM [main] INFO  com.web.actions.WebActions - Object Text : , --> xpath: //em[@class='error invalid-feedback'][not(@style="display: none;")]], [[ChromeDriver: chrome on WINDOWS (62a27ef5a4edb1acb0896b4448ac1342)] -
2022-Oct-13 09:33:54 AM [main] INFO  com.web.actions.WebActions - Object Text : , --> xpath: //em[@class='error invalid-feedback'][not(@style="display: none;")]], [[ChromeDriver: chrome on WINDOWS (62a27ef5a4edb1acb0896b4448ac1342)] -
2022-Oct-13 09:33:54 AM [main] INFO  com.web.actions.WebActions - Click on :--> id: RouteFilter]
2022-Oct-13 09:33:54 AM [main] INFO  com.web.actions.WebActions - Click on :--> xpath: //select[@id='RouteFilter']//option[@value='DUB-LIV']]
2022-Oct-13 09:33:55 AM [main] INFO  com.web.actions.WebActions - Click on :--> id: generateFormButton]
2022-Oct-13 09:33:55 AM [main] INFO  com.web.actions.WebActions - Click on :--> id: SubmitBooking]
2022-Oct-13 09:33:59 AM [main] INFO  com.web.actions.WebActions - Object Text : Please select a sailing date., --> xpath: //em[@class='error invalid-feedback'][not(@style="display: none;")]], [[ChromeDriver: chrome on WINDOWS (62a27ef5a4edb1acb0896b4448ac1342)] -
2022-Oct-13 09:33:59 AM [main] INFO  com.web.actions.WebActions - Object Text : Please select the available schedule., --> xpath: //em[@class='error invalid-feedback'][not(@style="display: none;")]], [[ChromeDriver: chrome on WINDOWS (62a27ef5a4edb1acb0896b4448ac1342)] -
2022-Oct-13 09:33:59 AM [main] INFO  com.web.actions.WebActions - Object Text : Please select the unit type., --> xpath: //em[@class='error invalid-feedback'][not(@style="display: none;")]], [[ChromeDriver: chrome on WINDOWS (62a27ef5a4edb1acb0896b4448ac1342)] -
2022-Oct-13 09:33:59 AM [main] INFO  com.web.actions.WebActions - Object Text : Please enter Unit ID, --> xpath: //em[@class='error invalid-feedback'][not(@style="display: none;")]], [[ChromeDriver: chrome on WINDOWS (62a27ef5a4edb1acb0896b4448ac1342)] -
2022-Oct-13 09:33:59 AM [main] INFO  com.web.actions.WebActions - Object Text : Please enter a Job reference, --> xpath: //em[@class='error invalid-feedback'][not(@style="display: none;")]], [[ChromeDriver: chrome on WINDOWS (62a27ef5a4edb1acb0896b4448ac1342)] -
2022-Oct-13 09:33:59 AM [main] INFO  com.web.actions.WebActions - Object Text : Please enter Load Description, --> xpath: //em[@class='error invalid-feedback'][not(@style="display: none;")]], [[ChromeDriver: chrome on WINDOWS (62a27ef5a4edb1acb0896b4448ac1342)] -
2022-Oct-13 09:33:59 AM [main] INFO  com.web.actions.WebActions - Object Text : Please enter the Unit Length, --> xpath: //em[@class='error invalid-feedback'][not(@style="display: none;")]], [[ChromeDriver: chrome on WINDOWS (62a27ef5a4edb1acb0896b4448ac1342)] -
2022-Oct-13 09:33:59 AM [main] INFO  com.web.actions.WebActions - Object Text : Please specify the Load Weight, --> xpath: //em[@class='error invalid-feedback'][not(@style="display: none;")]], [[ChromeDriver: chrome on WINDOWS (62a27ef5a4edb1acb0896b4448ac1342)] -
2022-Oct-13 09:33:59 AM [main] INFO  com.web.actions.WebActions - Object Text : , --> xpath: //em[@class='error invalid-feedback'][not(@style="display: none;")]], [[ChromeDriver: chrome on WINDOWS (62a27ef5a4edb1acb0896b4448ac1342)] -
2022-Oct-13 09:34:00 AM [main] INFO  com.web.actions.WebActions - Object Text : , --> xpath: //em[@class='error invalid-feedback'][not(@style="display: none;")]], [[ChromeDriver: chrome on WINDOWS (62a27ef5a4edb1acb0896b4448ac1342)] -
2022-Oct-13 09:34:00 AM [main] INFO  com.web.actions.WebActions - Object Text : , --> xpath: //em[@class='error invalid-feedback'][not(@style="display: none;")]], [[ChromeDriver: chrome on WINDOWS (62a27ef5a4edb1acb0896b4448ac1342)] -
2022-Oct-13 09:34:00 AM [main] INFO  com.web.actions.WebActions - Object Text : , --> xpath: //em[@class='error invalid-feedback'][not(@style="display: none;")]], [[ChromeDriver: chrome on WINDOWS (62a27ef5a4edb1acb0896b4448ac1342)] -
2022-Oct-13 09:34:00 AM [main] INFO  com.web.actions.WebActions - Click on :--> id: UnitType_0]
2022-Oct-13 09:34:01 AM [main] INFO  com.web.actions.WebActions - Clear Text From : --> id: UnitID_0]
2022-Oct-13 09:34:01 AM [main] INFO  com.web.actions.WebActions - Write Text '1234567890123456' on --> id: UnitID_0]
2022-Oct-13 09:34:02 AM [main] INFO  com.web.actions.WebActions - Click on :--> id: SubmitBooking]
2022-Oct-13 09:34:06 AM [main] INFO  com.web.actions.WebActions - Object Text : Please select a sailing date., --> xpath: //em[@class='error invalid-feedback'][not(@style="display: none;")]], [[ChromeDriver: chrome on WINDOWS (62a27ef5a4edb1acb0896b4448ac1342)] -
2022-Oct-13 09:34:06 AM [main] INFO  com.web.actions.WebActions - Object Text : Please select the available schedule., --> xpath: //em[@class='error invalid-feedback'][not(@style="display: none;")]], [[ChromeDriver: chrome on WINDOWS (62a27ef5a4edb1acb0896b4448ac1342)] -
2022-Oct-13 09:34:06 AM [main] INFO  com.web.actions.WebActions - Object Text : , --> xpath: //em[@class='error invalid-feedback'][not(@style="display: none;")]], [[ChromeDriver: chrome on WINDOWS (62a27ef5a4edb1acb0896b4448ac1342)] -
2022-Oct-13 09:34:06 AM [main] INFO  com.web.actions.WebActions - Object Text : Unit ID cannot exceed 13 characters, --> xpath: //em[@class='error invalid-feedback'][not(@style="display: none;")]], [[ChromeDriver: chrome on WINDOWS (62a27ef5a4edb1acb0896b4448ac1342)] -
2022-Oct-13 09:34:06 AM [main] INFO  com.web.actions.WebActions - Object Text : Please enter a Job reference, --> xpath: //em[@class='error invalid-feedback'][not(@style="display: none;")]], [[ChromeDriver: chrome on WINDOWS (62a27ef5a4edb1acb0896b4448ac1342)] -
2022-Oct-13 09:34:06 AM [main] INFO  com.web.actions.WebActions - Object Text : Please enter Load Description, --> xpath: //em[@class='error invalid-feedback'][not(@style="display: none;")]], [[ChromeDriver: chrome on WINDOWS (62a27ef5a4edb1acb0896b4448ac1342)] -
2022-Oct-13 09:34:06 AM [main] INFO  com.web.actions.WebActions - Object Text : Please enter the Unit Length, --> xpath: //em[@class='error invalid-feedback'][not(@style="display: none;")]], [[ChromeDriver: chrome on WINDOWS (62a27ef5a4edb1acb0896b4448ac1342)] -
2022-Oct-13 09:34:06 AM [main] INFO  com.web.actions.WebActions - Object Text : Please specify the Load Weight, --> xpath: //em[@class='error invalid-feedback'][not(@style="display: none;")]], [[ChromeDriver: chrome on WINDOWS (62a27ef5a4edb1acb0896b4448ac1342)] -
2022-Oct-13 09:34:06 AM [main] INFO  com.web.actions.WebActions - Object Text : , --> xpath: //em[@class='error invalid-feedback'][not(@style="display: none;")]], [[ChromeDriver: chrome on WINDOWS (62a27ef5a4edb1acb0896b4448ac1342)] -
2022-Oct-13 09:34:06 AM [main] INFO  com.web.actions.WebActions - Object Text : , --> xpath: //em[@class='error invalid-feedback'][not(@style="display: none;")]], [[ChromeDriver: chrome on WINDOWS (62a27ef5a4edb1acb0896b4448ac1342)] -
2022-Oct-13 09:34:06 AM [main] INFO  com.web.actions.WebActions - Object Text : , --> xpath: //em[@class='error invalid-feedback'][not(@style="display: none;")]], [[ChromeDriver: chrome on WINDOWS (62a27ef5a4edb1acb0896b4448ac1342)] -
2022-Oct-13 09:34:06 AM [main] INFO  com.web.actions.WebActions - Object Text : , --> xpath: //em[@class='error invalid-feedback'][not(@style="display: none;")]], [[ChromeDriver: chrome on WINDOWS (62a27ef5a4edb1acb0896b4448ac1342)] -
2022-Oct-13 09:34:06 AM [main] INFO  com.web.actions.WebActions - Click on :--> xpath: //select[@id='drivers_0'][@name='drivers']]
2022-Oct-13 09:34:07 AM [main] INFO  com.web.actions.WebActions - Click on :--> xpath: //select[@id='drivers_0']//option[@value='1']]
2022-Oct-13 09:34:07 AM [main] INFO  com.web.actions.WebActions - Click on :--> id: SubmitBooking]
2022-Oct-13 09:34:11 AM [main] INFO  com.web.actions.WebActions - Object Text : Please select a sailing date., --> xpath: //em[@class='error invalid-feedback'][not(@style="display: none;")]], [[ChromeDriver: chrome on WINDOWS (62a27ef5a4edb1acb0896b4448ac1342)] -
2022-Oct-13 09:34:11 AM [main] INFO  com.web.actions.WebActions - Object Text : Please select the available schedule., --> xpath: //em[@class='error invalid-feedback'][not(@style="display: none;")]], [[ChromeDriver: chrome on WINDOWS (62a27ef5a4edb1acb0896b4448ac1342)] -
2022-Oct-13 09:34:11 AM [main] INFO  com.web.actions.WebActions - Object Text : , --> xpath: //em[@class='error invalid-feedback'][not(@style="display: none;")]], [[ChromeDriver: chrome on WINDOWS (62a27ef5a4edb1acb0896b4448ac1342)] -
2022-Oct-13 09:34:11 AM [main] INFO  com.web.actions.WebActions - Object Text : Unit ID cannot exceed 13 characters, --> xpath: //em[@class='error invalid-feedback'][not(@style="display: none;")]], [[ChromeDriver: chrome on WINDOWS (62a27ef5a4edb1acb0896b4448ac1342)] -
2022-Oct-13 09:34:11 AM [main] INFO  com.web.actions.WebActions - Object Text : Please enter a Job reference, --> xpath: //em[@class='error invalid-feedback'][not(@style="display: none;")]], [[ChromeDriver: chrome on WINDOWS (62a27ef5a4edb1acb0896b4448ac1342)] -
2022-Oct-13 09:34:11 AM [main] INFO  com.web.actions.WebActions - Object Text : Please enter Load Description, --> xpath: //em[@class='error invalid-feedback'][not(@style="display: none;")]], [[ChromeDriver: chrome on WINDOWS (62a27ef5a4edb1acb0896b4448ac1342)] -
2022-Oct-13 09:34:11 AM [main] INFO  com.web.actions.WebActions - Object Text : Please enter the Unit Length, --> xpath: //em[@class='error invalid-feedback'][not(@style="display: none;")]], [[ChromeDriver: chrome on WINDOWS (62a27ef5a4edb1acb0896b4448ac1342)] -
2022-Oct-13 09:34:11 AM [main] INFO  com.web.actions.WebActions - Object Text : Please specify the Load Weight, --> xpath: //em[@class='error invalid-feedback'][not(@style="display: none;")]], [[ChromeDriver: chrome on WINDOWS (62a27ef5a4edb1acb0896b4448ac1342)] -
2022-Oct-13 09:34:11 AM [main] INFO  com.web.actions.WebActions - Object Text : , --> xpath: //em[@class='error invalid-feedback'][not(@style="display: none;")]], [[ChromeDriver: chrome on WINDOWS (62a27ef5a4edb1acb0896b4448ac1342)] -
2022-Oct-13 09:34:11 AM [main] INFO  com.web.actions.WebActions - Object Text : , --> xpath: //em[@class='error invalid-feedback'][not(@style="display: none;")]], [[ChromeDriver: chrome on WINDOWS (62a27ef5a4edb1acb0896b4448ac1342)] -
2022-Oct-13 09:34:11 AM [main] INFO  com.web.actions.WebActions - Object Text : , --> xpath: //em[@class='error invalid-feedback'][not(@style="display: none;")]], [[ChromeDriver: chrome on WINDOWS (62a27ef5a4edb1acb0896b4448ac1342)] -
2022-Oct-13 09:34:11 AM [main] INFO  com.web.actions.WebActions - Object Text : , --> xpath: //em[@class='error invalid-feedback'][not(@style="display: none;")]], [[ChromeDriver: chrome on WINDOWS (62a27ef5a4edb1acb0896b4448ac1342)] -
2022-Oct-13 09:34:12 AM [main] INFO  com.web.actions.WebActions - Click on :--> id: PluginCheckBox_0]
2022-Oct-13 09:34:12 AM [main] INFO  com.web.actions.WebActions - Clear Text From : --> id: UnitTemperature_0]
2022-Oct-13 09:34:12 AM [main] INFO  com.web.actions.WebActions - Write Text '-50' on --> id: UnitTemperature_0]
2022-Oct-13 09:34:12 AM [main] INFO  com.web.actions.WebActions - Click on :--> id: SubmitBooking]
2022-Oct-13 09:34:17 AM [main] INFO  com.web.actions.WebActions - Object Text : Please select a sailing date., --> xpath: //em[@class='error invalid-feedback'][not(@style="display: none;")]], [[ChromeDriver: chrome on WINDOWS (62a27ef5a4edb1acb0896b4448ac1342)] -
2022-Oct-13 09:34:17 AM [main] INFO  com.web.actions.WebActions - Object Text : Please select the available schedule., --> xpath: //em[@class='error invalid-feedback'][not(@style="display: none;")]], [[ChromeDriver: chrome on WINDOWS (62a27ef5a4edb1acb0896b4448ac1342)] -
2022-Oct-13 09:34:17 AM [main] INFO  com.web.actions.WebActions - Object Text : , --> xpath: //em[@class='error invalid-feedback'][not(@style="display: none;")]], [[ChromeDriver: chrome on WINDOWS (62a27ef5a4edb1acb0896b4448ac1342)] -
2022-Oct-13 09:34:17 AM [main] INFO  com.web.actions.WebActions - Object Text : Unit ID cannot exceed 13 characters, --> xpath: //em[@class='error invalid-feedback'][not(@style="display: none;")]], [[ChromeDriver: chrome on WINDOWS (62a27ef5a4edb1acb0896b4448ac1342)] -
2022-Oct-13 09:34:17 AM [main] INFO  com.web.actions.WebActions - Object Text : Please enter a Job reference, --> xpath: //em[@class='error invalid-feedback'][not(@style="display: none;")]], [[ChromeDriver: chrome on WINDOWS (62a27ef5a4edb1acb0896b4448ac1342)] -
2022-Oct-13 09:34:17 AM [main] INFO  com.web.actions.WebActions - Object Text : Please enter Load Description, --> xpath: //em[@class='error invalid-feedback'][not(@style="display: none;")]], [[ChromeDriver: chrome on WINDOWS (62a27ef5a4edb1acb0896b4448ac1342)] -
2022-Oct-13 09:34:17 AM [main] INFO  com.web.actions.WebActions - Object Text : Please enter the Unit Length, --> xpath: //em[@class='error invalid-feedback'][not(@style="display: none;")]], [[ChromeDriver: chrome on WINDOWS (62a27ef5a4edb1acb0896b4448ac1342)] -
2022-Oct-13 09:34:17 AM [main] INFO  com.web.actions.WebActions - Object Text : Please specify the Load Weight, --> xpath: //em[@class='error invalid-feedback'][not(@style="display: none;")]], [[ChromeDriver: chrome on WINDOWS (62a27ef5a4edb1acb0896b4448ac1342)] -
2022-Oct-13 09:34:17 AM [main] INFO  com.web.actions.WebActions - Object Text : Temperature should be in the range of -30 °c and +150 °c, --> xpath: //em[@class='error invalid-feedback'][not(@style="display: none;")]], [[ChromeDriver: chrome on WINDOWS (62a27ef5a4edb1acb0896b4448ac1342)] -
2022-Oct-13 09:34:17 AM [main] INFO  com.web.actions.WebActions - Object Text : , --> xpath: //em[@class='error invalid-feedback'][not(@style="display: none;")]], [[ChromeDriver: chrome on WINDOWS (62a27ef5a4edb1acb0896b4448ac1342)] -
2022-Oct-13 09:34:17 AM [main] INFO  com.web.actions.WebActions - Object Text : , --> xpath: //em[@class='error invalid-feedback'][not(@style="display: none;")]], [[ChromeDriver: chrome on WINDOWS (62a27ef5a4edb1acb0896b4448ac1342)] -
2022-Oct-13 09:34:17 AM [main] INFO  com.web.actions.WebActions - Object Text : , --> xpath: //em[@class='error invalid-feedback'][not(@style="display: none;")]], [[ChromeDriver: chrome on WINDOWS (62a27ef5a4edb1acb0896b4448ac1342)] -
2022-Oct-13 09:34:17 AM [main] INFO  com.web.actions.WebActions - Object Text : , --> xpath: //em[@class='error invalid-feedback'][not(@style="display: none;")]], [[ChromeDriver: chrome on WINDOWS (62a27ef5a4edb1acb0896b4448ac1342)] -
2022-Oct-13 09:34:47 AM [main] INFO  com.web.actions.WebActions - Exception: clickElement '
2022-Oct-13 09:34:47 AM [main] INFO  com.web.actions.WebActions - Exception Log: org.openqa.selenium.NoSuchElementException: no such element: Unable to locate element: {"method":"link text","selector":"Sign Out"}
  (Session info: chrome=106.0.5249.103)
For documentation on this error, please visit: https://www.seleniumhq.org/exceptions/no_such_element.html
Build info: version: '3.141.59', revision: 'e82be7d358', time: '2018-11-14T08:17:03'
System info: host: 'POFWVDDEV-24', ip: '10.181.60.57', os.name: 'Windows 10', os.arch: 'amd64', os.version: '10.0', java.version: '1.8.0_321'
Driver info: org.openqa.selenium.chrome.ChromeDriver
Capabilities {acceptInsecureCerts: false, browserName: chrome, browserVersion: 106.0.5249.103, chrome: {chromedriverVersion: 106.0.5249.61 (511755355844..., userDataDir: C:\Users\KHAIRN~1\AppData\L...}, goog:chromeOptions: {debuggerAddress: localhost:54257}, javascriptEnabled: true, networkConnectionEnabled: false, pageLoadStrategy: normal, platform: WINDOWS, platformName: WINDOWS, proxy: Proxy(), setWindowRect: true, strictFileInteractability: false, timeouts: {implicit: 0, pageLoad: 300000, script: 30000}, unhandledPromptBehavior: dismiss and notify, webauthn:extension:credBlob: true, webauthn:extension:largeBlob: true, webauthn:virtualAuthenticators: true}
Session ID: 62a27ef5a4edb1acb0896b4448ac1342
*** Element info: {Using=link text, value=Sign Out}
2022-Oct-13 09:34:48 AM [main] INFO  com.web.actions.WebBrowserActions - closes the currently opened browser session.
2022-Oct-13 09:34:51 AM [main] INFO  com.driver.DriverFactory - Instantiate ChromeDriver
2022-Oct-13 09:34:55 AM [main] INFO  com.web.actions.WebActions - Navigate to 'https://uks-sitecore-freight-dev-r-317880-cd.azurewebsites.net/
2022-Oct-13 09:34:56 AM [main] INFO  com.web.actions.WebActions - Wait For Element To Be Clickable: --> link text: Book Now]
2022-Oct-13 09:35:08 AM [main] INFO  com.web.actions.WebActions - Click on :
2022-Oct-13 09:35:18 AM [main] INFO  com.web.actions.WebActions - Clear Text From : --> id: LoginEmail]
2022-Oct-13 09:35:18 AM [main] INFO  com.web.actions.WebActions - Write Text 'SpcashTestGBP' on --> id: LoginEmail]
2022-Oct-13 09:35:19 AM [main] INFO  com.web.actions.WebActions - Clear Text From : --> id: LoginPass]
2022-Oct-13 09:35:19 AM [main] INFO  com.web.actions.WebActions - Write Text 'Password1' on --> id: LoginPass]
2022-Oct-13 09:35:19 AM [main] INFO  com.web.actions.WebActions - Click on :--> id: LoginUserBtn]
2022-Oct-13 09:35:42 AM [main] INFO  com.web.actions.WebActions - Exception: clickElement '--> xpath: //a[@title='New Booking'][@class=' ']]
2022-Oct-13 09:35:42 AM [main] INFO  com.web.actions.WebActions - Exception Log: org.openqa.selenium.ElementNotInteractableException: element not interactable
  (Session info: chrome=106.0.5249.103)
Build info: version: '3.141.59', revision: 'e82be7d358', time: '2018-11-14T08:17:03'
System info: host: 'POFWVDDEV-24', ip: '10.181.60.57', os.name: 'Windows 10', os.arch: 'amd64', os.version: '10.0', java.version: '1.8.0_321'
Driver info: org.openqa.selenium.chrome.ChromeDriver
Capabilities {acceptInsecureCerts: false, browserName: chrome, browserVersion: 106.0.5249.103, chrome: {chromedriverVersion: 106.0.5249.61 (511755355844..., userDataDir: C:\Users\KHAIRN~1\AppData\L...}, goog:chromeOptions: {debuggerAddress: localhost:54593}, javascriptEnabled: true, networkConnectionEnabled: false, pageLoadStrategy: normal, platform: WINDOWS, platformName: WINDOWS, proxy: Proxy(), setWindowRect: true, strictFileInteractability: false, timeouts: {implicit: 0, pageLoad: 300000, script: 30000}, unhandledPromptBehavior: dismiss and notify, webauthn:extension:credBlob: true, webauthn:extension:largeBlob: true, webauthn:virtualAuthenticators: true}
Session ID: 77b9d1da9bab1011e2d653054045e713
2022-Oct-13 09:36:01 AM [main] INFO  com.web.actions.WebActions - Click on :--> xpath: //select[@data-index='0'][@id='Route_0']]
2022-Oct-13 09:36:01 AM [main] INFO  com.web.actions.WebActions - Select By Visible Text : [Dover to Calais], --> xpath: //select[@data-index='0'][@id='Route_0']]
2022-Oct-13 09:36:03 AM [main] INFO  com.web.actions.WebActions - Clear Text From : --> id: UnitID_0]
2022-Oct-13 09:36:03 AM [main] INFO  com.web.actions.WebActions - Write Text 'UID1013093603' on --> id: UnitID_0]
2022-Oct-13 09:36:03 AM [main] INFO  com.web.actions.WebActions - Clear Text From : --> id: JobReference_0]
2022-Oct-13 09:36:04 AM [main] INFO  com.web.actions.WebActions - Write Text 'JR20221013093603' on --> id: JobReference_0]
2022-Oct-13 09:36:04 AM [main] INFO  com.web.actions.WebActions - Clear Text From : --> id: JobDescription_0]
2022-Oct-13 09:36:04 AM [main] INFO  com.web.actions.WebActions - Write Text 'JD2022_10_13_09_36_04' on --> id: JobDescription_0]
2022-Oct-13 09:36:04 AM [main] INFO  com.web.actions.WebActions - Verify Object Enabled : TRUE --> xpath: //select[@id='drivers_0'][@name='drivers']]
2022-Oct-13 09:36:05 AM [main] INFO  com.web.actions.WebActions - Click on :--> xpath: //select[@id='drivers_0'][@name='drivers']]
2022-Oct-13 09:36:05 AM [main] INFO  com.web.actions.WebActions - Select By Visible Text : [1], --> xpath: //select[@id='drivers_0'][@name='drivers']]
2022-Oct-13 09:36:05 AM [main] INFO  com.web.actions.WebActions - Verify Object Enabled : TRUE --> id: UnitLength_0]
2022-Oct-13 09:36:05 AM [main] INFO  com.web.actions.WebActions - Clear Text From : --> id: UnitLength_0]
2022-Oct-13 09:36:05 AM [main] INFO  com.web.actions.WebActions - Write Text '16' on --> id: UnitLength_0]
2022-Oct-13 09:36:06 AM [main] INFO  com.web.actions.WebActions - Click on :--> id: SubmitBooking]
2022-Oct-13 09:36:19 AM [main] INFO  com.web.actions.WebActions - Click on :--> id: BillingAddrCB]
2022-Oct-13 09:36:19 AM [main] INFO  com.web.actions.WebActions - Click on :--> xpath: //input[@id='paymentTermsCheckBox']]
2022-Oct-13 09:36:19 AM [main] INFO  com.web.actions.WebActions - Click on :--> id: proceedToPayBtn]
2022-Oct-13 09:36:23 AM [main] INFO  com.web.actions.WebActions - Clear Text From : --> id: cardNumber]
2022-Oct-13 09:36:23 AM [main] INFO  com.web.actions.WebActions - Write Text '4111111111111111' on --> id: cardNumber]
2022-Oct-13 09:36:24 AM [main] INFO  com.web.actions.WebActions - Click on :--> id: expiryMonth]
2022-Oct-13 09:36:24 AM [main] INFO  com.web.actions.WebActions - Click on :--> xpath: //select[@id='expiryMonth']//option[@value='12']]
2022-Oct-13 09:36:24 AM [main] INFO  com.web.actions.WebActions - Click on :--> id: expiryYear]
2022-Oct-13 09:36:24 AM [main] INFO  com.web.actions.WebActions - Click on :--> xpath: //select[@id='expiryYear']//option[@value='2022']]
2022-Oct-13 09:36:25 AM [main] INFO  com.web.actions.WebActions - Clear Text From : --> id: csc]
2022-Oct-13 09:36:25 AM [main] INFO  com.web.actions.WebActions - Write Text '456' on --> id: csc]
2022-Oct-13 09:36:45 AM [main] INFO  com.web.actions.WebActions - Click on :
2022-Oct-13 09:36:55 AM [main] INFO  com.web.actions.WebActions - Get All Object Size : 0 of By.xpath: //*[@id='confirm-booking']//a[text()='Amend booking']
2022-Oct-13 09:37:35 AM [main] INFO  com.web.actions.WebActions - Exception: clickElement '
2022-Oct-13 09:37:35 AM [main] INFO  com.web.actions.WebActions - Exception Log: org.openqa.selenium.NoSuchElementException: no such element: Unable to locate element: {"method":"xpath","selector":"//*[@id='panelAmend']//button[@class='btn-secondary closePanelSide']"}
  (Session info: chrome=106.0.5249.103)
For documentation on this error, please visit: https://www.seleniumhq.org/exceptions/no_such_element.html
Build info: version: '3.141.59', revision: 'e82be7d358', time: '2018-11-14T08:17:03'
System info: host: 'POFWVDDEV-24', ip: '10.181.60.57', os.name: 'Windows 10', os.arch: 'amd64', os.version: '10.0', java.version: '1.8.0_321'
Driver info: org.openqa.selenium.chrome.ChromeDriver
Capabilities {acceptInsecureCerts: false, browserName: chrome, browserVersion: 106.0.5249.103, chrome: {chromedriverVersion: 106.0.5249.61 (511755355844..., userDataDir: C:\Users\KHAIRN~1\AppData\L...}, goog:chromeOptions: {debuggerAddress: localhost:54593}, javascriptEnabled: true, networkConnectionEnabled: false, pageLoadStrategy: normal, platform: WINDOWS, platformName: WINDOWS, proxy: Proxy(), setWindowRect: true, strictFileInteractability: false, timeouts: {implicit: 0, pageLoad: 300000, script: 30000}, unhandledPromptBehavior: dismiss and notify, webauthn:extension:credBlob: true, webauthn:extension:largeBlob: true, webauthn:virtualAuthenticators: true}
Session ID: 77b9d1da9bab1011e2d653054045e713
*** Element info: {Using=xpath, value=//*[@id='panelAmend']//button[@class='btn-secondary closePanelSide']}
2022-Oct-13 09:37:55 AM [main] INFO  com.web.actions.WebActions - Exception: clickElement '--> xpath: //a[@title='Home'][@class=' ']]
2022-Oct-13 09:37:55 AM [main] INFO  com.web.actions.WebActions - Exception Log: org.openqa.selenium.ElementNotInteractableException: element not interactable
  (Session info: chrome=106.0.5249.103)
Build info: version: '3.141.59', revision: 'e82be7d358', time: '2018-11-14T08:17:03'
System info: host: 'POFWVDDEV-24', ip: '10.181.60.57', os.name: 'Windows 10', os.arch: 'amd64', os.version: '10.0', java.version: '1.8.0_321'
Driver info: org.openqa.selenium.chrome.ChromeDriver
Capabilities {acceptInsecureCerts: false, browserName: chrome, browserVersion: 106.0.5249.103, chrome: {chromedriverVersion: 106.0.5249.61 (511755355844..., userDataDir: C:\Users\KHAIRN~1\AppData\L...}, goog:chromeOptions: {debuggerAddress: localhost:54593}, javascriptEnabled: true, networkConnectionEnabled: false, pageLoadStrategy: normal, platform: WINDOWS, platformName: WINDOWS, proxy: Proxy(), setWindowRect: true, strictFileInteractability: false, timeouts: {implicit: 0, pageLoad: 300000, script: 30000}, unhandledPromptBehavior: dismiss and notify, webauthn:extension:credBlob: true, webauthn:extension:largeBlob: true, webauthn:virtualAuthenticators: true}
Session ID: 77b9d1da9bab1011e2d653054045e713
2022-Oct-13 09:38:05 AM [main] INFO  com.web.actions.WebActions - Get All Object Size : 0 of By.xpath: //div[@data-element='0']//a[@class='amend']
2022-Oct-13 09:38:36 AM [main] INFO  com.web.actions.WebActions - Exception: clickElement '
2022-Oct-13 09:38:36 AM [main] INFO  com.web.actions.WebActions - Exception Log: org.openqa.selenium.NoSuchElementException: no such element: Unable to locate element: {"method":"xpath","selector":"//*[@id='panelAmend']//button[@class='btn-secondary closePanelSide']"}
  (Session info: chrome=106.0.5249.103)
For documentation on this error, please visit: https://www.seleniumhq.org/exceptions/no_such_element.html
Build info: version: '3.141.59', revision: 'e82be7d358', time: '2018-11-14T08:17:03'
System info: host: 'POFWVDDEV-24', ip: '10.181.60.57', os.name: 'Windows 10', os.arch: 'amd64', os.version: '10.0', java.version: '1.8.0_321'
Driver info: org.openqa.selenium.chrome.ChromeDriver
Capabilities {acceptInsecureCerts: false, browserName: chrome, browserVersion: 106.0.5249.103, chrome: {chromedriverVersion: 106.0.5249.61 (511755355844..., userDataDir: C:\Users\KHAIRN~1\AppData\L...}, goog:chromeOptions: {debuggerAddress: localhost:54593}, javascriptEnabled: true, networkConnectionEnabled: false, pageLoadStrategy: normal, platform: WINDOWS, platformName: WINDOWS, proxy: Proxy(), setWindowRect: true, strictFileInteractability: false, timeouts: {implicit: 0, pageLoad: 300000, script: 30000}, unhandledPromptBehavior: dismiss and notify, webauthn:extension:credBlob: true, webauthn:extension:largeBlob: true, webauthn:virtualAuthenticators: true}
Session ID: 77b9d1da9bab1011e2d653054045e713
*** Element info: {Using=xpath, value=//*[@id='panelAmend']//button[@class='btn-secondary closePanelSide']}
2022-Oct-13 09:38:56 AM [main] INFO  com.web.actions.WebActions - Exception: clickElement '--> xpath: //a[@title='Manage bookings'][@class=' ']]
2022-Oct-13 09:38:56 AM [main] INFO  com.web.actions.WebActions - Exception Log: org.openqa.selenium.ElementNotInteractableException: element not interactable
  (Session info: chrome=106.0.5249.103)
Build info: version: '3.141.59', revision: 'e82be7d358', time: '2018-11-14T08:17:03'
System info: host: 'POFWVDDEV-24', ip: '10.181.60.57', os.name: 'Windows 10', os.arch: 'amd64', os.version: '10.0', java.version: '1.8.0_321'
Driver info: org.openqa.selenium.chrome.ChromeDriver
Capabilities {acceptInsecureCerts: false, browserName: chrome, browserVersion: 106.0.5249.103, chrome: {chromedriverVersion: 106.0.5249.61 (511755355844..., userDataDir: C:\Users\KHAIRN~1\AppData\L...}, goog:chromeOptions: {debuggerAddress: localhost:54593}, javascriptEnabled: true, networkConnectionEnabled: false, pageLoadStrategy: normal, platform: WINDOWS, platformName: WINDOWS, proxy: Proxy(), setWindowRect: true, strictFileInteractability: false, timeouts: {implicit: 0, pageLoad: 300000, script: 30000}, unhandledPromptBehavior: dismiss and notify, webauthn:extension:credBlob: true, webauthn:extension:largeBlob: true, webauthn:virtualAuthenticators: true}
Session ID: 77b9d1da9bab1011e2d653054045e713
2022-Oct-13 09:39:06 AM [main] INFO  com.web.actions.WebActions - Get All Object Size : 0 of By.xpath: //div[@data-element='0']//a[@class='amend']
2022-Oct-13 09:39:36 AM [main] INFO  com.web.actions.WebActions - Exception: clickElement '
2022-Oct-13 09:39:36 AM [main] INFO  com.web.actions.WebActions - Exception Log: org.openqa.selenium.NoSuchElementException: no such element: Unable to locate element: {"method":"xpath","selector":"//*[@id='panelAmend']//button[@class='btn-secondary closePanelSide']"}
  (Session info: chrome=106.0.5249.103)
For documentation on this error, please visit: https://www.seleniumhq.org/exceptions/no_such_element.html
Build info: version: '3.141.59', revision: 'e82be7d358', time: '2018-11-14T08:17:03'
System info: host: 'POFWVDDEV-24', ip: '10.181.60.57', os.name: 'Windows 10', os.arch: 'amd64', os.version: '10.0', java.version: '1.8.0_321'
Driver info: org.openqa.selenium.chrome.ChromeDriver
Capabilities {acceptInsecureCerts: false, browserName: chrome, browserVersion: 106.0.5249.103, chrome: {chromedriverVersion: 106.0.5249.61 (511755355844..., userDataDir: C:\Users\KHAIRN~1\AppData\L...}, goog:chromeOptions: {debuggerAddress: localhost:54593}, javascriptEnabled: true, networkConnectionEnabled: false, pageLoadStrategy: normal, platform: WINDOWS, platformName: WINDOWS, proxy: Proxy(), setWindowRect: true, strictFileInteractability: false, timeouts: {implicit: 0, pageLoad: 300000, script: 30000}, unhandledPromptBehavior: dismiss and notify, webauthn:extension:credBlob: true, webauthn:extension:largeBlob: true, webauthn:virtualAuthenticators: true}
Session ID: 77b9d1da9bab1011e2d653054045e713
*** Element info: {Using=xpath, value=//*[@id='panelAmend']//button[@class='btn-secondary closePanelSide']}
2022-Oct-13 09:39:37 AM [main] INFO  com.web.actions.WebBrowserActions - closes the currently opened browser session.
2022-Oct-13 09:39:40 AM [main] INFO  com.driver.DriverFactory - Instantiate ChromeDriver
2022-Oct-13 09:39:43 AM [main] INFO  com.web.actions.WebActions - Navigate to 'https://uks-sitecore-freight-dev-r-317880-cd.azurewebsites.net/
2022-Oct-13 09:40:06 AM [main] INFO  com.web.actions.WebActions - Wait For Element To Be Clickable: --> link text: Book Now]
2022-Oct-13 09:40:20 AM [main] INFO  com.web.actions.WebActions - Click on :
2022-Oct-13 09:40:30 AM [main] INFO  com.web.actions.WebActions - Clear Text From : --> id: LoginEmail]
2022-Oct-13 09:40:31 AM [main] INFO  com.web.actions.WebActions - Write Text 'fcduser03' on --> id: LoginEmail]
2022-Oct-13 09:40:31 AM [main] INFO  com.web.actions.WebActions - Clear Text From : --> id: LoginPass]
2022-Oct-13 09:40:31 AM [main] INFO  com.web.actions.WebActions - Write Text 'Password01' on --> id: LoginPass]
2022-Oct-13 09:40:31 AM [main] INFO  com.web.actions.WebActions - Click on :--> id: LoginUserBtn]
2022-Oct-13 09:40:41 AM [main] INFO  com.web.actions.WebActions - Get All Object Size : 0 of By.xpath: //a[@class='closeAds']
2022-Oct-13 09:40:51 AM [main] INFO  com.web.actions.WebActions - Get All Object Size : 0 of By.xpath: //a[@class='closeAds']
2022-Oct-13 09:41:01 AM [main] INFO  com.web.actions.WebActions - Get All Object Size : 0 of By.xpath: //a[@class='closeAds']
2022-Oct-13 09:41:11 AM [main] INFO  com.web.actions.WebActions - Get All Object Size : 0 of By.xpath: //a[@class='closeAds']
2022-Oct-13 09:41:21 AM [main] INFO  com.web.actions.WebActions - Get All Object Size : 0 of By.xpath: //a[@class='closeAds']
2022-Oct-13 09:41:31 AM [main] INFO  com.web.actions.WebActions - Get All Object Size : 0 of By.xpath: //a[@class='closeAds']
2022-Oct-13 09:41:41 AM [main] INFO  com.web.actions.WebActions - Get All Object Size : 0 of By.xpath: //a[@class='closeAds']
2022-Oct-13 09:41:51 AM [main] INFO  com.web.actions.WebActions - Get All Object Size : 0 of By.xpath: //a[@class='closeAds']
2022-Oct-13 09:42:02 AM [main] INFO  com.web.actions.WebActions - Get All Object Size : 0 of By.xpath: //a[@class='closeAds']
2022-Oct-13 09:42:12 AM [main] INFO  com.web.actions.WebActions - Get All Object Size : 0 of By.xpath: //a[@class='closeAds']
2022-Oct-13 09:42:52 AM [main] INFO  com.web.actions.WebActions - Exception: clickElement '
2022-Oct-13 09:42:52 AM [main] INFO  com.web.actions.WebActions - Exception Log: org.openqa.selenium.NoSuchElementException: no such element: Unable to locate element: {"method":"xpath","selector":"//nav[@class='mouseDevice']//a[@href='/ManageBookings']"}
  (Session info: chrome=106.0.5249.103)
For documentation on this error, please visit: https://www.seleniumhq.org/exceptions/no_such_element.html
Build info: version: '3.141.59', revision: 'e82be7d358', time: '2018-11-14T08:17:03'
System info: host: 'POFWVDDEV-24', ip: '10.181.60.57', os.name: 'Windows 10', os.arch: 'amd64', os.version: '10.0', java.version: '1.8.0_321'
Driver info: org.openqa.selenium.chrome.ChromeDriver
Capabilities {acceptInsecureCerts: false, browserName: chrome, browserVersion: 106.0.5249.103, chrome: {chromedriverVersion: 106.0.5249.61 (511755355844..., userDataDir: C:\Users\KHAIRN~1\AppData\L...}, goog:chromeOptions: {debuggerAddress: localhost:54858}, javascriptEnabled: true, networkConnectionEnabled: false, pageLoadStrategy: normal, platform: WINDOWS, platformName: WINDOWS, proxy: Proxy(), setWindowRect: true, strictFileInteractability: false, timeouts: {implicit: 0, pageLoad: 300000, script: 30000}, unhandledPromptBehavior: dismiss and notify, webauthn:extension:credBlob: true, webauthn:extension:largeBlob: true, webauthn:virtualAuthenticators: true}
Session ID: cb26b5c2fa951e414d5ae837f6005161
*** Element info: {Using=xpath, value=//nav[@class='mouseDevice']//a[@href='/ManageBookings']}
2022-Oct-13 09:43:04 AM [main] INFO  com.web.actions.WebBrowserActions - closes the currently opened browser session.
2022-Oct-13 09:43:07 AM [main] INFO  com.driver.DriverFactory - Instantiate ChromeDriver
2022-Oct-13 09:43:10 AM [main] INFO  com.web.actions.WebActions - Navigate to 'https://uks-sitecore-freight-dev-r-317880-cd.azurewebsites.net/
2022-Oct-13 09:44:44 AM [main] INFO  com.web.actions.WebActions - Exception: waitForElementToBeClickable '
2022-Oct-13 09:44:44 AM [main] INFO  com.web.actions.WebActions - Exception Log: org.openqa.selenium.TimeoutException: Expected condition failed: waiting for element to be clickable: Proxy element for: DefaultElementLocator 'By.linkText: Book Now' (tried for 60 second(s) with 500 milliseconds interval)
2022-Oct-13 09:45:24 AM [main] INFO  com.web.actions.WebActions - Exception: clickElement '
2022-Oct-13 09:45:24 AM [main] INFO  com.web.actions.WebActions - Exception Log: org.openqa.selenium.NoSuchElementException: no such element: Unable to locate element: {"method":"link text","selector":"Book Now"}
  (Session info: chrome=106.0.5249.103)
For documentation on this error, please visit: https://www.seleniumhq.org/exceptions/no_such_element.html
Build info: version: '3.141.59', revision: 'e82be7d358', time: '2018-11-14T08:17:03'
System info: host: 'POFWVDDEV-24', ip: '10.181.60.57', os.name: 'Windows 10', os.arch: 'amd64', os.version: '10.0', java.version: '1.8.0_321'
Driver info: org.openqa.selenium.chrome.ChromeDriver
Capabilities {acceptInsecureCerts: false, browserName: chrome, browserVersion: 106.0.5249.103, chrome: {chromedriverVersion: 106.0.5249.61 (511755355844..., userDataDir: C:\Users\KHAIRN~1\AppData\L...}, goog:chromeOptions: {debuggerAddress: localhost:57461}, javascriptEnabled: true, networkConnectionEnabled: false, pageLoadStrategy: normal, platform: WINDOWS, platformName: WINDOWS, proxy: Proxy(), setWindowRect: true, strictFileInteractability: false, timeouts: {implicit: 0, pageLoad: 300000, script: 30000}, unhandledPromptBehavior: dismiss and notify, webauthn:extension:credBlob: true, webauthn:extension:largeBlob: true, webauthn:virtualAuthenticators: true}
Session ID: 114c225c447d44367c4e8b53f6ab7aae
*** Element info: {Using=link text, value=Book Now}
2022-Oct-13 09:46:24 AM [main] INFO  com.web.actions.WebActions - Exception: ClearText '
2022-Oct-13 09:46:24 AM [main] INFO  com.web.actions.WebActions - Exception Log: org.openqa.selenium.NoSuchElementException: no such element: Unable to locate element: {"method":"css selector","selector":"#LoginEmail"}
  (Session info: chrome=106.0.5249.103)
For documentation on this error, please visit: https://www.seleniumhq.org/exceptions/no_such_element.html
Build info: version: '3.141.59', revision: 'e82be7d358', time: '2018-11-14T08:17:03'
System info: host: 'POFWVDDEV-24', ip: '10.181.60.57', os.name: 'Windows 10', os.arch: 'amd64', os.version: '10.0', java.version: '1.8.0_321'
Driver info: org.openqa.selenium.chrome.ChromeDriver
Capabilities {acceptInsecureCerts: false, browserName: chrome, browserVersion: 106.0.5249.103, chrome: {chromedriverVersion: 106.0.5249.61 (511755355844..., userDataDir: C:\Users\KHAIRN~1\AppData\L...}, goog:chromeOptions: {debuggerAddress: localhost:57461}, javascriptEnabled: true, networkConnectionEnabled: false, pageLoadStrategy: normal, platform: WINDOWS, platformName: WINDOWS, proxy: Proxy(), setWindowRect: true, strictFileInteractability: false, timeouts: {implicit: 0, pageLoad: 300000, script: 30000}, unhandledPromptBehavior: dismiss and notify, webauthn:extension:credBlob: true, webauthn:extension:largeBlob: true, webauthn:virtualAuthenticators: true}
Session ID: 114c225c447d44367c4e8b53f6ab7aae
*** Element info: {Using=id, value=LoginEmail}
2022-Oct-13 09:47:04 AM [main] INFO  com.web.actions.WebActions - Exception: Write Text 'fcduser03' on 
2022-Oct-13 09:47:04 AM [main] INFO  com.web.actions.WebActions - Exception Log: org.openqa.selenium.NoSuchElementException: no such element: Unable to locate element: {"method":"css selector","selector":"#LoginEmail"}
  (Session info: chrome=106.0.5249.103)
For documentation on this error, please visit: https://www.seleniumhq.org/exceptions/no_such_element.html
Build info: version: '3.141.59', revision: 'e82be7d358', time: '2018-11-14T08:17:03'
System info: host: 'POFWVDDEV-24', ip: '10.181.60.57', os.name: 'Windows 10', os.arch: 'amd64', os.version: '10.0', java.version: '1.8.0_321'
Driver info: org.openqa.selenium.chrome.ChromeDriver
Capabilities {acceptInsecureCerts: false, browserName: chrome, browserVersion: 106.0.5249.103, chrome: {chromedriverVersion: 106.0.5249.61 (511755355844..., userDataDir: C:\Users\KHAIRN~1\AppData\L...}, goog:chromeOptions: {debuggerAddress: localhost:57461}, javascriptEnabled: true, networkConnectionEnabled: false, pageLoadStrategy: normal, platform: WINDOWS, platformName: WINDOWS, proxy: Proxy(), setWindowRect: true, strictFileInteractability: false, timeouts: {implicit: 0, pageLoad: 300000, script: 30000}, unhandledPromptBehavior: dismiss and notify, webauthn:extension:credBlob: true, webauthn:extension:largeBlob: true, webauthn:virtualAuthenticators: true}
Session ID: 114c225c447d44367c4e8b53f6ab7aae
*** Element info: {Using=id, value=LoginEmail}
2022-Oct-13 09:48:05 AM [main] INFO  com.web.actions.WebActions - Exception: ClearText '
2022-Oct-13 09:48:05 AM [main] INFO  com.web.actions.WebActions - Exception Log: org.openqa.selenium.NoSuchElementException: no such element: Unable to locate element: {"method":"css selector","selector":"#LoginPass"}
  (Session info: chrome=106.0.5249.103)
For documentation on this error, please visit: https://www.seleniumhq.org/exceptions/no_such_element.html
Build info: version: '3.141.59', revision: 'e82be7d358', time: '2018-11-14T08:17:03'
System info: host: 'POFWVDDEV-24', ip: '10.181.60.57', os.name: 'Windows 10', os.arch: 'amd64', os.version: '10.0', java.version: '1.8.0_321'
Driver info: org.openqa.selenium.chrome.ChromeDriver
Capabilities {acceptInsecureCerts: false, browserName: chrome, browserVersion: 106.0.5249.103, chrome: {chromedriverVersion: 106.0.5249.61 (511755355844..., userDataDir: C:\Users\KHAIRN~1\AppData\L...}, goog:chromeOptions: {debuggerAddress: localhost:57461}, javascriptEnabled: true, networkConnectionEnabled: false, pageLoadStrategy: normal, platform: WINDOWS, platformName: WINDOWS, proxy: Proxy(), setWindowRect: true, strictFileInteractability: false, timeouts: {implicit: 0, pageLoad: 300000, script: 30000}, unhandledPromptBehavior: dismiss and notify, webauthn:extension:credBlob: true, webauthn:extension:largeBlob: true, webauthn:virtualAuthenticators: true}
Session ID: 114c225c447d44367c4e8b53f6ab7aae
*** Element info: {Using=id, value=LoginPass}
2022-Oct-13 09:48:45 AM [main] INFO  com.web.actions.WebActions - Exception: Write Text 'Password01' on 
2022-Oct-13 09:48:45 AM [main] INFO  com.web.actions.WebActions - Exception Log: org.openqa.selenium.NoSuchElementException: no such element: Unable to locate element: {"method":"css selector","selector":"#LoginPass"}
  (Session info: chrome=106.0.5249.103)
For documentation on this error, please visit: https://www.seleniumhq.org/exceptions/no_such_element.html
Build info: version: '3.141.59', revision: 'e82be7d358', time: '2018-11-14T08:17:03'
System info: host: 'POFWVDDEV-24', ip: '10.181.60.57', os.name: 'Windows 10', os.arch: 'amd64', os.version: '10.0', java.version: '1.8.0_321'
Driver info: org.openqa.selenium.chrome.ChromeDriver
Capabilities {acceptInsecureCerts: false, browserName: chrome, browserVersion: 106.0.5249.103, chrome: {chromedriverVersion: 106.0.5249.61 (511755355844..., userDataDir: C:\Users\KHAIRN~1\AppData\L...}, goog:chromeOptions: {debuggerAddress: localhost:57461}, javascriptEnabled: true, networkConnectionEnabled: false, pageLoadStrategy: normal, platform: WINDOWS, platformName: WINDOWS, proxy: Proxy(), setWindowRect: true, strictFileInteractability: false, timeouts: {implicit: 0, pageLoad: 300000, script: 30000}, unhandledPromptBehavior: dismiss and notify, webauthn:extension:credBlob: true, webauthn:extension:largeBlob: true, webauthn:virtualAuthenticators: true}
Session ID: 114c225c447d44367c4e8b53f6ab7aae
*** Element info: {Using=id, value=LoginPass}
2022-Oct-13 09:49:25 AM [main] INFO  com.web.actions.WebActions - Exception: clickElement '
2022-Oct-13 09:49:25 AM [main] INFO  com.web.actions.WebActions - Exception Log: org.openqa.selenium.NoSuchElementException: no such element: Unable to locate element: {"method":"css selector","selector":"#LoginUserBtn"}
  (Session info: chrome=106.0.5249.103)
For documentation on this error, please visit: https://www.seleniumhq.org/exceptions/no_such_element.html
Build info: version: '3.141.59', revision: 'e82be7d358', time: '2018-11-14T08:17:03'
System info: host: 'POFWVDDEV-24', ip: '10.181.60.57', os.name: 'Windows 10', os.arch: 'amd64', os.version: '10.0', java.version: '1.8.0_321'
Driver info: org.openqa.selenium.chrome.ChromeDriver
Capabilities {acceptInsecureCerts: false, browserName: chrome, browserVersion: 106.0.5249.103, chrome: {chromedriverVersion: 106.0.5249.61 (511755355844..., userDataDir: C:\Users\KHAIRN~1\AppData\L...}, goog:chromeOptions: {debuggerAddress: localhost:57461}, javascriptEnabled: true, networkConnectionEnabled: false, pageLoadStrategy: normal, platform: WINDOWS, platformName: WINDOWS, proxy: Proxy(), setWindowRect: true, strictFileInteractability: false, timeouts: {implicit: 0, pageLoad: 300000, script: 30000}, unhandledPromptBehavior: dismiss and notify, webauthn:extension:credBlob: true, webauthn:extension:largeBlob: true, webauthn:virtualAuthenticators: true}
Session ID: 114c225c447d44367c4e8b53f6ab7aae
*** Element info: {Using=id, value=LoginUserBtn}
2022-Oct-13 09:49:35 AM [main] INFO  com.web.actions.WebActions - Get All Object Size : 0 of By.xpath: //a[@class='closeAds']
2022-Oct-13 09:49:45 AM [main] INFO  com.web.actions.WebActions - Get All Object Size : 0 of By.xpath: //a[@class='closeAds']
2022-Oct-13 09:49:55 AM [main] INFO  com.web.actions.WebActions - Get All Object Size : 0 of By.xpath: //a[@class='closeAds']
2022-Oct-13 09:50:05 AM [main] INFO  com.web.actions.WebActions - Get All Object Size : 0 of By.xpath: //a[@class='closeAds']
2022-Oct-13 09:50:15 AM [main] INFO  com.web.actions.WebActions - Get All Object Size : 0 of By.xpath: //a[@class='closeAds']
2022-Oct-13 09:50:25 AM [main] INFO  com.web.actions.WebActions - Get All Object Size : 0 of By.xpath: //a[@class='closeAds']
2022-Oct-13 09:50:35 AM [main] INFO  com.web.actions.WebActions - Get All Object Size : 0 of By.xpath: //a[@class='closeAds']
2022-Oct-13 09:50:45 AM [main] INFO  com.web.actions.WebActions - Get All Object Size : 0 of By.xpath: //a[@class='closeAds']
2022-Oct-13 09:50:55 AM [main] INFO  com.web.actions.WebActions - Get All Object Size : 0 of By.xpath: //a[@class='closeAds']
2022-Oct-13 09:51:06 AM [main] INFO  com.web.actions.WebActions - Get All Object Size : 0 of By.xpath: //a[@class='closeAds']
2022-Oct-13 09:51:46 AM [main] INFO  com.web.actions.WebActions - Exception: clickElement '
2022-Oct-13 09:51:46 AM [main] INFO  com.web.actions.WebActions - Exception Log: org.openqa.selenium.NoSuchElementException: no such element: Unable to locate element: {"method":"xpath","selector":"//a[@href='/TrackBooking'][@class=' ']"}
  (Session info: chrome=106.0.5249.103)
For documentation on this error, please visit: https://www.seleniumhq.org/exceptions/no_such_element.html
Build info: version: '3.141.59', revision: 'e82be7d358', time: '2018-11-14T08:17:03'
System info: host: 'POFWVDDEV-24', ip: '10.181.60.57', os.name: 'Windows 10', os.arch: 'amd64', os.version: '10.0', java.version: '1.8.0_321'
Driver info: org.openqa.selenium.chrome.ChromeDriver
Capabilities {acceptInsecureCerts: false, browserName: chrome, browserVersion: 106.0.5249.103, chrome: {chromedriverVersion: 106.0.5249.61 (511755355844..., userDataDir: C:\Users\KHAIRN~1\AppData\L...}, goog:chromeOptions: {debuggerAddress: localhost:57461}, javascriptEnabled: true, networkConnectionEnabled: false, pageLoadStrategy: normal, platform: WINDOWS, platformName: WINDOWS, proxy: Proxy(), setWindowRect: true, strictFileInteractability: false, timeouts: {implicit: 0, pageLoad: 300000, script: 30000}, unhandledPromptBehavior: dismiss and notify, webauthn:extension:credBlob: true, webauthn:extension:largeBlob: true, webauthn:virtualAuthenticators: true}
Session ID: 114c225c447d44367c4e8b53f6ab7aae
*** Element info: {Using=xpath, value=//a[@href='/TrackBooking'][@class=' ']}
2022-Oct-13 09:52:26 AM [main] INFO  com.web.actions.WebActions - Exception: clickElement '
2022-Oct-13 09:52:26 AM [main] INFO  com.web.actions.WebActions - Exception Log: org.openqa.selenium.NoSuchElementException: no such element: Unable to locate element: {"method":"xpath","selector":"//a[@title='Filter By'][@class='filterBtn']"}
  (Session info: chrome=106.0.5249.103)
For documentation on this error, please visit: https://www.seleniumhq.org/exceptions/no_such_element.html
Build info: version: '3.141.59', revision: 'e82be7d358', time: '2018-11-14T08:17:03'
System info: host: 'POFWVDDEV-24', ip: '10.181.60.57', os.name: 'Windows 10', os.arch: 'amd64', os.version: '10.0', java.version: '1.8.0_321'
Driver info: org.openqa.selenium.chrome.ChromeDriver
Capabilities {acceptInsecureCerts: false, browserName: chrome, browserVersion: 106.0.5249.103, chrome: {chromedriverVersion: 106.0.5249.61 (511755355844..., userDataDir: C:\Users\KHAIRN~1\AppData\L...}, goog:chromeOptions: {debuggerAddress: localhost:57461}, javascriptEnabled: true, networkConnectionEnabled: false, pageLoadStrategy: normal, platform: WINDOWS, platformName: WINDOWS, proxy: Proxy(), setWindowRect: true, strictFileInteractability: false, timeouts: {implicit: 0, pageLoad: 300000, script: 30000}, unhandledPromptBehavior: dismiss and notify, webauthn:extension:credBlob: true, webauthn:extension:largeBlob: true, webauthn:virtualAuthenticators: true}
Session ID: 114c225c447d44367c4e8b53f6ab7aae
*** Element info: {Using=xpath, value=//a[@title='Filter By'][@class='filterBtn']}
2022-Oct-13 09:53:06 AM [main] INFO  com.web.actions.WebActions - Exception: clickElement '
2022-Oct-13 09:53:06 AM [main] INFO  com.web.actions.WebActions - Exception Log: org.openqa.selenium.NoSuchElementException: no such element: Unable to locate element: {"method":"xpath","selector":"//select[@id='Route']/..//div[@name='multiselectFormText']"}
  (Session info: chrome=106.0.5249.103)
For documentation on this error, please visit: https://www.seleniumhq.org/exceptions/no_such_element.html
Build info: version: '3.141.59', revision: 'e82be7d358', time: '2018-11-14T08:17:03'
System info: host: 'POFWVDDEV-24', ip: '10.181.60.57', os.name: 'Windows 10', os.arch: 'amd64', os.version: '10.0', java.version: '1.8.0_321'
Driver info: org.openqa.selenium.chrome.ChromeDriver
Capabilities {acceptInsecureCerts: false, browserName: chrome, browserVersion: 106.0.5249.103, chrome: {chromedriverVersion: 106.0.5249.61 (511755355844..., userDataDir: C:\Users\KHAIRN~1\AppData\L...}, goog:chromeOptions: {debuggerAddress: localhost:57461}, javascriptEnabled: true, networkConnectionEnabled: false, pageLoadStrategy: normal, platform: WINDOWS, platformName: WINDOWS, proxy: Proxy(), setWindowRect: true, strictFileInteractability: false, timeouts: {implicit: 0, pageLoad: 300000, script: 30000}, unhandledPromptBehavior: dismiss and notify, webauthn:extension:credBlob: true, webauthn:extension:largeBlob: true, webauthn:virtualAuthenticators: true}
Session ID: 114c225c447d44367c4e8b53f6ab7aae
*** Element info: {Using=xpath, value=//select[@id='Route']/..//div[@name='multiselectFormText']}
2022-Oct-13 09:53:47 AM [main] INFO  com.web.actions.WebActions - Exception: clickElement '
2022-Oct-13 09:53:47 AM [main] INFO  com.web.actions.WebActions - Exception Log: org.openqa.selenium.NoSuchElementException: no such element: Unable to locate element: {"method":"css selector","selector":"#apply"}
  (Session info: chrome=106.0.5249.103)
For documentation on this error, please visit: https://www.seleniumhq.org/exceptions/no_such_element.html
Build info: version: '3.141.59', revision: 'e82be7d358', time: '2018-11-14T08:17:03'
System info: host: 'POFWVDDEV-24', ip: '10.181.60.57', os.name: 'Windows 10', os.arch: 'amd64', os.version: '10.0', java.version: '1.8.0_321'
Driver info: org.openqa.selenium.chrome.ChromeDriver
Capabilities {acceptInsecureCerts: false, browserName: chrome, browserVersion: 106.0.5249.103, chrome: {chromedriverVersion: 106.0.5249.61 (511755355844..., userDataDir: C:\Users\KHAIRN~1\AppData\L...}, goog:chromeOptions: {debuggerAddress: localhost:57461}, javascriptEnabled: true, networkConnectionEnabled: false, pageLoadStrategy: normal, platform: WINDOWS, platformName: WINDOWS, proxy: Proxy(), setWindowRect: true, strictFileInteractability: false, timeouts: {implicit: 0, pageLoad: 300000, script: 30000}, unhandledPromptBehavior: dismiss and notify, webauthn:extension:credBlob: true, webauthn:extension:largeBlob: true, webauthn:virtualAuthenticators: true}
Session ID: 114c225c447d44367c4e8b53f6ab7aae
*** Element info: {Using=id, value=apply}
2022-Oct-13 09:54:27 AM [main] INFO  com.web.actions.WebActions - Exception: clickElement '
2022-Oct-13 09:54:27 AM [main] INFO  com.web.actions.WebActions - Exception Log: org.openqa.selenium.NoSuchElementException: no such element: Unable to locate element: {"method":"css selector","selector":"#UnitType"}
  (Session info: chrome=106.0.5249.103)
For documentation on this error, please visit: https://www.seleniumhq.org/exceptions/no_such_element.html
Build info: version: '3.141.59', revision: 'e82be7d358', time: '2018-11-14T08:17:03'
System info: host: 'POFWVDDEV-24', ip: '10.181.60.57', os.name: 'Windows 10', os.arch: 'amd64', os.version: '10.0', java.version: '1.8.0_321'
Driver info: org.openqa.selenium.chrome.ChromeDriver
Capabilities {acceptInsecureCerts: false, browserName: chrome, browserVersion: 106.0.5249.103, chrome: {chromedriverVersion: 106.0.5249.61 (511755355844..., userDataDir: C:\Users\KHAIRN~1\AppData\L...}, goog:chromeOptions: {debuggerAddress: localhost:57461}, javascriptEnabled: true, networkConnectionEnabled: false, pageLoadStrategy: normal, platform: WINDOWS, platformName: WINDOWS, proxy: Proxy(), setWindowRect: true, strictFileInteractability: false, timeouts: {implicit: 0, pageLoad: 300000, script: 30000}, unhandledPromptBehavior: dismiss and notify, webauthn:extension:credBlob: true, webauthn:extension:largeBlob: true, webauthn:virtualAuthenticators: true}
Session ID: 114c225c447d44367c4e8b53f6ab7aae
*** Element info: {Using=id, value=UnitType}
2022-Oct-13 09:55:28 AM [main] INFO  com.web.actions.WebActions - Exception: clickElement '
2022-Oct-13 09:55:28 AM [main] INFO  com.web.actions.WebActions - Exception Log: org.openqa.selenium.NoSuchElementException: no such element: Unable to locate element: {"method":"css selector","selector":"#UnitType"}
  (Session info: chrome=106.0.5249.103)
For documentation on this error, please visit: https://www.seleniumhq.org/exceptions/no_such_element.html
Build info: version: '3.141.59', revision: 'e82be7d358', time: '2018-11-14T08:17:03'
System info: host: 'POFWVDDEV-24', ip: '10.181.60.57', os.name: 'Windows 10', os.arch: 'amd64', os.version: '10.0', java.version: '1.8.0_321'
Driver info: org.openqa.selenium.chrome.ChromeDriver
Capabilities {acceptInsecureCerts: false, browserName: chrome, browserVersion: 106.0.5249.103, chrome: {chromedriverVersion: 106.0.5249.61 (511755355844..., userDataDir: C:\Users\KHAIRN~1\AppData\L...}, goog:chromeOptions: {debuggerAddress: localhost:57461}, javascriptEnabled: true, networkConnectionEnabled: false, pageLoadStrategy: normal, platform: WINDOWS, platformName: WINDOWS, proxy: Proxy(), setWindowRect: true, strictFileInteractability: false, timeouts: {implicit: 0, pageLoad: 300000, script: 30000}, unhandledPromptBehavior: dismiss and notify, webauthn:extension:credBlob: true, webauthn:extension:largeBlob: true, webauthn:virtualAuthenticators: true}
Session ID: 114c225c447d44367c4e8b53f6ab7aae
*** Element info: {Using=id, value=UnitType}
2022-Oct-13 09:56:08 AM [main] INFO  com.web.actions.WebActions - Exception: getDropdownOption: 
2022-Oct-13 09:56:08 AM [main] INFO  com.web.actions.WebActions - Exception Log: org.openqa.selenium.NoSuchElementException: no such element: Unable to locate element: {"method":"css selector","selector":"#UnitType"}
  (Session info: chrome=106.0.5249.103)
For documentation on this error, please visit: https://www.seleniumhq.org/exceptions/no_such_element.html
Build info: version: '3.141.59', revision: 'e82be7d358', time: '2018-11-14T08:17:03'
System info: host: 'POFWVDDEV-24', ip: '10.181.60.57', os.name: 'Windows 10', os.arch: 'amd64', os.version: '10.0', java.version: '1.8.0_321'
Driver info: org.openqa.selenium.chrome.ChromeDriver
Capabilities {acceptInsecureCerts: false, browserName: chrome, browserVersion: 106.0.5249.103, chrome: {chromedriverVersion: 106.0.5249.61 (511755355844..., userDataDir: C:\Users\KHAIRN~1\AppData\L...}, goog:chromeOptions: {debuggerAddress: localhost:57461}, javascriptEnabled: true, networkConnectionEnabled: false, pageLoadStrategy: normal, platform: WINDOWS, platformName: WINDOWS, proxy: Proxy(), setWindowRect: true, strictFileInteractability: false, timeouts: {implicit: 0, pageLoad: 300000, script: 30000}, unhandledPromptBehavior: dismiss and notify, webauthn:extension:credBlob: true, webauthn:extension:largeBlob: true, webauthn:virtualAuthenticators: true}
Session ID: 114c225c447d44367c4e8b53f6ab7aae
*** Element info: {Using=id, value=UnitType}
2022-Oct-13 09:56:08 AM [main] INFO  com.web.actions.WebBrowserActions - closes the currently opened browser session.
